This is pdfTeX, Version 3.141592653-2.6-1.40.26 (TeX Live 2024) (preloaded format=pdflatex 2024.10.12)  9 APR 2025 16:27
entering extended mode
 restricted \write18 enabled.
 file:line:error style messages enabled.
 %&-line parsing enabled.
**/Users/renat/presentation/src/presentationSeminar.tex
(/Users/renat/presentation/src/presentationSeminar.tex
LaTeX2e <2023-11-01> patch level 1
L3 programming layer <2024-02-20>
(/usr/local/texlive/2024/texmf-dist/tex/latex/beamer/beamer.cls
Document Class: beamer 2024/01/06 v3.71 A class for typesetting presentations
(/usr/local/texlive/2024/texmf-dist/tex/latex/beamer/beamerbasemodes.sty (/usr/local/texlive/2024/texmf-dist/tex/latex/etoolbox/etoolbox.sty
Package: etoolbox 2020/10/05 v2.5k e-TeX tools for LaTeX (JAW)
\etb@tempcnta=\count188
)
\beamer@tempbox=\box51
\beamer@tempcount=\count189
\c@beamerpauses=\count190
 (/usr/local/texlive/2024/texmf-dist/tex/latex/beamer/beamerbasedecode.sty
\beamer@slideinframe=\count191
\beamer@minimum=\count192
\beamer@decode@box=\box52
)
\beamer@commentbox=\box53
\beamer@modecount=\count193
) (/usr/local/texlive/2024/texmf-dist/tex/generic/iftex/iftex.sty
Package: iftex 2022/02/03 v1.0f TeX engine tests
)
\headdp=\dimen140
\footheight=\dimen141
\sidebarheight=\dimen142
\beamer@tempdim=\dimen143
\beamer@finalheight=\dimen144
\beamer@animht=\dimen145
\beamer@animdp=\dimen146
\beamer@animwd=\dimen147
\beamer@leftmargin=\dimen148
\beamer@rightmargin=\dimen149
\beamer@leftsidebar=\dimen150
\beamer@rightsidebar=\dimen151
\beamer@boxsize=\dimen152
\beamer@vboxoffset=\dimen153
\beamer@descdefault=\dimen154
\beamer@descriptionwidth=\dimen155
\beamer@lastskip=\skip48
\beamer@areabox=\box54
\beamer@animcurrent=\box55
\beamer@animshowbox=\box56
\beamer@sectionbox=\box57
\beamer@logobox=\box58
\beamer@linebox=\box59
\beamer@sectioncount=\count194
\beamer@subsubsectionmax=\count195
\beamer@subsectionmax=\count196
\beamer@sectionmax=\count197
\beamer@totalheads=\count198
\beamer@headcounter=\count199
\beamer@partstartpage=\count266
\beamer@sectionstartpage=\count267
\beamer@subsectionstartpage=\count268
\beamer@animationtempa=\count269
\beamer@animationtempb=\count270
\beamer@xpos=\count271
\beamer@ypos=\count272
\beamer@ypos@offset=\count273
\beamer@showpartnumber=\count274
\beamer@currentsubsection=\count275
\beamer@coveringdepth=\count276
\beamer@sectionadjust=\count277
\beamer@toclastsection=\count278
\beamer@tocsectionnumber=\count279
 (/usr/local/texlive/2024/texmf-dist/tex/latex/beamer/beamerbaseoptions.sty (/usr/local/texlive/2024/texmf-dist/tex/latex/graphics/keyval.sty
Package: keyval 2022/05/29 v1.15 key=value parser (DPC)
\KV@toks@=\toks17
))
\beamer@paperwidth=\skip49
\beamer@paperheight=\skip50
 (/usr/local/texlive/2024/texmf-dist/tex/latex/geometry/geometry.sty
Package: geometry 2020/01/02 v5.9 Page Geometry
 (/usr/local/texlive/2024/texmf-dist/tex/generic/iftex/ifvtex.sty
Package: ifvtex 2019/10/25 v1.7 ifvtex legacy package. Use iftex instead.
)
\Gm@cnth=\count280
\Gm@cntv=\count281
\c@Gm@tempcnt=\count282
\Gm@bindingoffset=\dimen156
\Gm@wd@mp=\dimen157
\Gm@odd@mp=\dimen158
\Gm@even@mp=\dimen159
\Gm@layoutwidth=\dimen160
\Gm@layoutheight=\dimen161
\Gm@layouthoffset=\dimen162
\Gm@layoutvoffset=\dimen163
\Gm@dimlist=\toks18
) (/usr/local/texlive/2024/texmf-dist/tex/latex/pgf/math/pgfmath.sty (/usr/local/texlive/2024/texmf-dist/tex/latex/pgf/utilities/pgfrcs.sty (/usr/local/texlive/2024/texmf-dist/tex/generic/pgf/utilities/pgfutil-common.tex
\pgfutil@everybye=\toks19
\pgfutil@tempdima=\dimen164
\pgfutil@tempdimb=\dimen165
) (/usr/local/texlive/2024/texmf-dist/tex/generic/pgf/utilities/pgfutil-latex.def
\pgfutil@abb=\box60
) (/usr/local/texlive/2024/texmf-dist/tex/generic/pgf/utilities/pgfrcs.code.tex (/usr/local/texlive/2024/texmf-dist/tex/generic/pgf/pgf.revision.tex)
Package: pgfrcs 2023-01-15 v3.1.10 (3.1.10)
)) (/usr/local/texlive/2024/texmf-dist/tex/latex/pgf/utilities/pgfkeys.sty (/usr/local/texlive/2024/texmf-dist/tex/generic/pgf/utilities/pgfkeys.code.tex
\pgfkeys@pathtoks=\toks20
\pgfkeys@temptoks=\toks21
 (/usr/local/texlive/2024/texmf-dist/tex/generic/pgf/utilities/pgfkeyslibraryfiltered.code.tex
\pgfkeys@tmptoks=\toks22
))) (/usr/local/texlive/2024/texmf-dist/tex/generic/pgf/math/pgfmath.code.tex (/usr/local/texlive/2024/texmf-dist/tex/generic/pgf/math/pgfmathutil.code.tex
\pgf@x=\dimen166
\pgf@xa=\dimen167
\pgf@xb=\dimen168
\pgf@xc=\dimen169
\pgf@y=\dimen170
\pgf@ya=\dimen171
\pgf@yb=\dimen172
\pgf@yc=\dimen173
\c@pgf@counta=\count283
\c@pgf@countb=\count284
\c@pgf@countc=\count285
\c@pgf@countd=\count286
) (/usr/local/texlive/2024/texmf-dist/tex/generic/pgf/math/pgfmathparser.code.tex
\pgfmath@dimen=\dimen174
\pgfmath@count=\count287
\pgfmath@box=\box61
\pgfmath@toks=\toks23
\pgfmath@stack@operand=\toks24
\pgfmath@stack@operation=\toks25
) (/usr/local/texlive/2024/texmf-dist/tex/generic/pgf/math/pgfmathfunctions.code.tex) (/usr/local/texlive/2024/texmf-dist/tex/generic/pgf/math/pgfmathfunctions.basic.code.tex) (/usr/local/texlive/2024/texmf-dist/tex/generic/pgf/math/pgfmathfunctions.trigonometric.code.tex) (/usr/local/texlive/2024/texmf-dist/tex/generic/pgf/math/pgfmathfunctions.random.code.tex) (/usr/local/texlive/2024/texmf-dist/tex/generic/pgf/math/pgfmathfunctions.comparison.code.tex) (/usr/local/texlive/2024/texmf-dist/tex/generic/pgf/math/pgfmathfunctions.base.code.tex) (/usr/local/texlive/2024/texmf-dist/tex/generic/pgf/math/pgfmathfunctions.round.code.tex) (/usr/local/texlive/2024/texmf-dist/tex/generic/pgf/math/pgfmathfunctions.misc.code.tex) (/usr/local/texlive/2024/texmf-dist/tex/generic/pgf/math/pgfmathfunctions.integerarithmetics.code.tex) (/usr/local/texlive/2024/texmf-dist/tex/generic/pgf/math/pgfmathcalc.code.tex) (/usr/local/texlive/2024/texmf-dist/tex/generic/pgf/math/pgfmathfloat.code.tex
\c@pgfmathroundto@lastzeros=\count288
))) (/usr/local/texlive/2024/texmf-dist/tex/latex/base/size11.clo
File: size11.clo 2023/05/17 v1.4n Standard LaTeX file (size option)
) (/usr/local/texlive/2024/texmf-dist/tex/latex/pgf/basiclayer/pgfcore.sty (/usr/local/texlive/2024/texmf-dist/tex/latex/graphics/graphicx.sty
Package: graphicx 2021/09/16 v1.2d Enhanced LaTeX Graphics (DPC,SPQR)
 (/usr/local/texlive/2024/texmf-dist/tex/latex/graphics/graphics.sty
Package: graphics 2022/03/10 v1.4e Standard LaTeX Graphics (DPC,SPQR)
 (/usr/local/texlive/2024/texmf-dist/tex/latex/graphics/trig.sty
Package: trig 2021/08/11 v1.11 sin cos tan (DPC)
) (/usr/local/texlive/2024/texmf-dist/tex/latex/graphics-cfg/graphics.cfg
File: graphics.cfg 2016/06/04 v1.11 sample graphics configuration
)
Package graphics Info: Driver file: pdftex.def on input line 107.
 (/usr/local/texlive/2024/texmf-dist/tex/latex/graphics-def/pdftex.def
File: pdftex.def 2022/09/22 v1.2b Graphics/color driver for pdftex
))
\Gin@req@height=\dimen175
\Gin@req@width=\dimen176
) (/usr/local/texlive/2024/texmf-dist/tex/latex/pgf/systemlayer/pgfsys.sty (/usr/local/texlive/2024/texmf-dist/tex/generic/pgf/systemlayer/pgfsys.code.tex
Package: pgfsys 2023-01-15 v3.1.10 (3.1.10)
\pgf@x=\dimen177
\pgf@y=\dimen178
\pgf@xa=\dimen179
\pgf@ya=\dimen180
\pgf@xb=\dimen181
\pgf@yb=\dimen182
\pgf@xc=\dimen183
\pgf@yc=\dimen184
\pgf@xd=\dimen185
\pgf@yd=\dimen186
\w@pgf@writea=\write3
\r@pgf@reada=\read2
\c@pgf@counta=\count289
\c@pgf@countb=\count290
\c@pgf@countc=\count291
\c@pgf@countd=\count292
\t@pgf@toka=\toks26
\t@pgf@tokb=\toks27
\t@pgf@tokc=\toks28
\pgf@sys@id@count=\count293
 (/usr/local/texlive/2024/texmf-dist/tex/generic/pgf/systemlayer/pgf.cfg
File: pgf.cfg 2023-01-15 v3.1.10 (3.1.10)
)
Driver file for pgf: pgfsys-pdftex.def
 (/usr/local/texlive/2024/texmf-dist/tex/generic/pgf/systemlayer/pgfsys-pdftex.def
File: pgfsys-pdftex.def 2023-01-15 v3.1.10 (3.1.10)
 (/usr/local/texlive/2024/texmf-dist/tex/generic/pgf/systemlayer/pgfsys-common-pdf.def
File: pgfsys-common-pdf.def 2023-01-15 v3.1.10 (3.1.10)
))) (/usr/local/texlive/2024/texmf-dist/tex/generic/pgf/systemlayer/pgfsyssoftpath.code.tex
File: pgfsyssoftpath.code.tex 2023-01-15 v3.1.10 (3.1.10)
\pgfsyssoftpath@smallbuffer@items=\count294
\pgfsyssoftpath@bigbuffer@items=\count295
) (/usr/local/texlive/2024/texmf-dist/tex/generic/pgf/systemlayer/pgfsysprotocol.code.tex
File: pgfsysprotocol.code.tex 2023-01-15 v3.1.10 (3.1.10)
)) (/usr/local/texlive/2024/texmf-dist/tex/latex/xcolor/xcolor.sty
Package: xcolor 2023/11/15 v3.01 LaTeX color extensions (UK)
 (/usr/local/texlive/2024/texmf-dist/tex/latex/graphics-cfg/color.cfg
File: color.cfg 2016/01/02 v1.6 sample color configuration
)
Package xcolor Info: Driver file: pdftex.def on input line 274.
 (/usr/local/texlive/2024/texmf-dist/tex/latex/graphics/mathcolor.ltx)
Package xcolor Info: Model `cmy' substituted by `cmy0' on input line 1350.
Package xcolor Info: Model `hsb' substituted by `rgb' on input line 1354.
Package xcolor Info: Model `RGB' extended on input line 1366.
Package xcolor Info: Model `HTML' substituted by `rgb' on input line 1368.
Package xcolor Info: Model `Hsb' substituted by `hsb' on input line 1369.
Package xcolor Info: Model `tHsb' substituted by `hsb' on input line 1370.
Package xcolor Info: Model `HSB' substituted by `hsb' on input line 1371.
Package xcolor Info: Model `Gray' substituted by `gray' on input line 1372.
Package xcolor Info: Model `wave' substituted by `hsb' on input line 1373.
) (/usr/local/texlive/2024/texmf-dist/tex/generic/pgf/basiclayer/pgfcore.code.tex
Package: pgfcore 2023-01-15 v3.1.10 (3.1.10)
 (/usr/local/texlive/2024/texmf-dist/tex/generic/pgf/math/pgfint.code.tex) (/usr/local/texlive/2024/texmf-dist/tex/generic/pgf/basiclayer/pgfcorepoints.code.tex
File: pgfcorepoints.code.tex 2023-01-15 v3.1.10 (3.1.10)
\pgf@picminx=\dimen187
\pgf@picmaxx=\dimen188
\pgf@picminy=\dimen189
\pgf@picmaxy=\dimen190
\pgf@pathminx=\dimen191
\pgf@pathmaxx=\dimen192
\pgf@pathminy=\dimen193
\pgf@pathmaxy=\dimen194
\pgf@xx=\dimen195
\pgf@xy=\dimen196
\pgf@yx=\dimen197
\pgf@yy=\dimen198
\pgf@zx=\dimen199
\pgf@zy=\dimen256
) (/usr/local/texlive/2024/texmf-dist/tex/generic/pgf/basiclayer/pgfcorepathconstruct.code.tex
File: pgfcorepathconstruct.code.tex 2023-01-15 v3.1.10 (3.1.10)
\pgf@path@lastx=\dimen257
\pgf@path@lasty=\dimen258
) (/usr/local/texlive/2024/texmf-dist/tex/generic/pgf/basiclayer/pgfcorepathusage.code.tex
File: pgfcorepathusage.code.tex 2023-01-15 v3.1.10 (3.1.10)
\pgf@shorten@end@additional=\dimen259
\pgf@shorten@start@additional=\dimen260
) (/usr/local/texlive/2024/texmf-dist/tex/generic/pgf/basiclayer/pgfcorescopes.code.tex
File: pgfcorescopes.code.tex 2023-01-15 v3.1.10 (3.1.10)
\pgfpic=\box62
\pgf@hbox=\box63
\pgf@layerbox@main=\box64
\pgf@picture@serial@count=\count296
) (/usr/local/texlive/2024/texmf-dist/tex/generic/pgf/basiclayer/pgfcoregraphicstate.code.tex
File: pgfcoregraphicstate.code.tex 2023-01-15 v3.1.10 (3.1.10)
\pgflinewidth=\dimen261
) (/usr/local/texlive/2024/texmf-dist/tex/generic/pgf/basiclayer/pgfcoretransformations.code.tex
File: pgfcoretransformations.code.tex 2023-01-15 v3.1.10 (3.1.10)
\pgf@pt@x=\dimen262
\pgf@pt@y=\dimen263
\pgf@pt@temp=\dimen264
) (/usr/local/texlive/2024/texmf-dist/tex/generic/pgf/basiclayer/pgfcorequick.code.tex
File: pgfcorequick.code.tex 2023-01-15 v3.1.10 (3.1.10)
) (/usr/local/texlive/2024/texmf-dist/tex/generic/pgf/basiclayer/pgfcoreobjects.code.tex
File: pgfcoreobjects.code.tex 2023-01-15 v3.1.10 (3.1.10)
) (/usr/local/texlive/2024/texmf-dist/tex/generic/pgf/basiclayer/pgfcorepathprocessing.code.tex
File: pgfcorepathprocessing.code.tex 2023-01-15 v3.1.10 (3.1.10)
) (/usr/local/texlive/2024/texmf-dist/tex/generic/pgf/basiclayer/pgfcorearrows.code.tex
File: pgfcorearrows.code.tex 2023-01-15 v3.1.10 (3.1.10)
\pgfarrowsep=\dimen265
) (/usr/local/texlive/2024/texmf-dist/tex/generic/pgf/basiclayer/pgfcoreshade.code.tex
File: pgfcoreshade.code.tex 2023-01-15 v3.1.10 (3.1.10)
\pgf@max=\dimen266
\pgf@sys@shading@range@num=\count297
\pgf@shadingcount=\count298
) (/usr/local/texlive/2024/texmf-dist/tex/generic/pgf/basiclayer/pgfcoreimage.code.tex
File: pgfcoreimage.code.tex 2023-01-15 v3.1.10 (3.1.10)
) (/usr/local/texlive/2024/texmf-dist/tex/generic/pgf/basiclayer/pgfcoreexternal.code.tex
File: pgfcoreexternal.code.tex 2023-01-15 v3.1.10 (3.1.10)
\pgfexternal@startupbox=\box65
) (/usr/local/texlive/2024/texmf-dist/tex/generic/pgf/basiclayer/pgfcorelayers.code.tex
File: pgfcorelayers.code.tex 2023-01-15 v3.1.10 (3.1.10)
) (/usr/local/texlive/2024/texmf-dist/tex/generic/pgf/basiclayer/pgfcoretransparency.code.tex
File: pgfcoretransparency.code.tex 2023-01-15 v3.1.10 (3.1.10)
) (/usr/local/texlive/2024/texmf-dist/tex/generic/pgf/basiclayer/pgfcorepatterns.code.tex
File: pgfcorepatterns.code.tex 2023-01-15 v3.1.10 (3.1.10)
) (/usr/local/texlive/2024/texmf-dist/tex/generic/pgf/basiclayer/pgfcorerdf.code.tex
File: pgfcorerdf.code.tex 2023-01-15 v3.1.10 (3.1.10)
))) (/usr/local/texlive/2024/texmf-dist/tex/latex/pgf/utilities/xxcolor.sty
Package: xxcolor 2003/10/24 ver 0.1
\XC@nummixins=\count299
\XC@countmixins=\count300
) (/usr/local/texlive/2024/texmf-dist/tex/latex/base/atbegshi-ltx.sty
Package: atbegshi-ltx 2021/01/10 v1.0c Emulation of the original atbegshi
package with kernel methods
) (/usr/local/texlive/2024/texmf-dist/tex/latex/hyperref/hyperref.sty
Package: hyperref 2024-01-20 v7.01h Hypertext links for LaTeX
 (/usr/local/texlive/2024/texmf-dist/tex/latex/kvsetkeys/kvsetkeys.sty
Package: kvsetkeys 2022-10-05 v1.19 Key value parser (HO)
) (/usr/local/texlive/2024/texmf-dist/tex/generic/kvdefinekeys/kvdefinekeys.sty
Package: kvdefinekeys 2019-12-19 v1.6 Define keys (HO)
) (/usr/local/texlive/2024/texmf-dist/tex/generic/pdfescape/pdfescape.sty
Package: pdfescape 2019/12/09 v1.15 Implements pdfTeX's escape features (HO)
 (/usr/local/texlive/2024/texmf-dist/tex/generic/ltxcmds/ltxcmds.sty
Package: ltxcmds 2023-12-04 v1.26 LaTeX kernel commands for general use (HO)
) (/usr/local/texlive/2024/texmf-dist/tex/generic/pdftexcmds/pdftexcmds.sty
Package: pdftexcmds 2020-06-27 v0.33 Utility functions of pdfTeX for LuaTeX (HO)
 (/usr/local/texlive/2024/texmf-dist/tex/generic/infwarerr/infwarerr.sty
Package: infwarerr 2019/12/03 v1.5 Providing info/warning/error messages (HO)
)
Package pdftexcmds Info: \pdf@primitive is available.
Package pdftexcmds Info: \pdf@ifprimitive is available.
Package pdftexcmds Info: \pdfdraftmode found.
)) (/usr/local/texlive/2024/texmf-dist/tex/latex/hycolor/hycolor.sty
Package: hycolor 2020-01-27 v1.10 Color options for hyperref/bookmark (HO)
) (/usr/local/texlive/2024/texmf-dist/tex/latex/auxhook/auxhook.sty
Package: auxhook 2019-12-17 v1.6 Hooks for auxiliary files (HO)
) (/usr/local/texlive/2024/texmf-dist/tex/latex/hyperref/nameref.sty
Package: nameref 2023-11-26 v2.56 Cross-referencing by name of section
 (/usr/local/texlive/2024/texmf-dist/tex/latex/refcount/refcount.sty
Package: refcount 2019/12/15 v3.6 Data extraction from label references (HO)
) (/usr/local/texlive/2024/texmf-dist/tex/generic/gettitlestring/gettitlestring.sty
Package: gettitlestring 2019/12/15 v1.6 Cleanup title references (HO)
 (/usr/local/texlive/2024/texmf-dist/tex/latex/kvoptions/kvoptions.sty
Package: kvoptions 2022-06-15 v3.15 Key value format for package options (HO)
))
\c@section@level=\count301
)
\@linkdim=\dimen267
\Hy@linkcounter=\count302
\Hy@pagecounter=\count303
 (/usr/local/texlive/2024/texmf-dist/tex/latex/hyperref/pd1enc.def
File: pd1enc.def 2024-01-20 v7.01h Hyperref: PDFDocEncoding definition (HO)
Now handling font encoding PD1 ...
... no UTF-8 mapping file for font encoding PD1
) (/usr/local/texlive/2024/texmf-dist/tex/generic/intcalc/intcalc.sty
Package: intcalc 2019/12/15 v1.3 Expandable calculations with integers (HO)
)
\Hy@SavedSpaceFactor=\count304
 (/usr/local/texlive/2024/texmf-dist/tex/latex/hyperref/puenc.def
File: puenc.def 2024-01-20 v7.01h Hyperref: PDF Unicode definition (HO)
Now handling font encoding PU ...
... no UTF-8 mapping file for font encoding PU
)
Package hyperref Info: Option `bookmarks' set `true' on input line 4062.
Package hyperref Info: Option `bookmarksopen' set `true' on input line 4062.
Package hyperref Info: Option `implicit' set `false' on input line 4062.
Package hyperref Info: Hyper figures OFF on input line 4179.
Package hyperref Info: Link nesting OFF on input line 4184.
Package hyperref Info: Hyper index ON on input line 4187.
Package hyperref Info: Plain pages OFF on input line 4194.
Package hyperref Info: Backreferencing OFF on input line 4199.
Package hyperref Info: Implicit mode OFF; no redefinition of LaTeX internals.
Package hyperref Info: Bookmarks ON on input line 4446.
\c@Hy@tempcnt=\count305
 (/usr/local/texlive/2024/texmf-dist/tex/latex/url/url.sty
\Urlmuskip=\muskip16
Package: url 2013/09/16  ver 3.4  Verb mode for urls, etc.
)
LaTeX Info: Redefining \url on input line 4784.
\XeTeXLinkMargin=\dimen268
 (/usr/local/texlive/2024/texmf-dist/tex/generic/bitset/bitset.sty
Package: bitset 2019/12/09 v1.3 Handle bit-vector datatype (HO)
 (/usr/local/texlive/2024/texmf-dist/tex/generic/bigintcalc/bigintcalc.sty
Package: bigintcalc 2019/12/15 v1.5 Expandable calculations on big integers (HO)
))
\Fld@menulength=\count306
\Field@Width=\dimen269
\Fld@charsize=\dimen270
Package hyperref Info: Hyper figures OFF on input line 6063.
Package hyperref Info: Link nesting OFF on input line 6068.
Package hyperref Info: Hyper index ON on input line 6071.
Package hyperref Info: backreferencing OFF on input line 6078.
Package hyperref Info: Link coloring OFF on input line 6083.
Package hyperref Info: Link coloring with OCG OFF on input line 6088.
Package hyperref Info: PDF/A mode OFF on input line 6093.
\Hy@abspage=\count307


Package hyperref Message: Stopped early.

)
Package hyperref Info: Driver (autodetected): hpdftex.
 (/usr/local/texlive/2024/texmf-dist/tex/latex/hyperref/hpdftex.def
File: hpdftex.def 2024-01-20 v7.01h Hyperref driver for pdfTeX
 (/usr/local/texlive/2024/texmf-dist/tex/latex/base/atveryend-ltx.sty
Package: atveryend-ltx 2020/08/19 v1.0a Emulation of the original atveryend package
with kernel methods
)
\Fld@listcount=\count308
\c@bookmark@seq@number=\count309
 (/usr/local/texlive/2024/texmf-dist/tex/latex/rerunfilecheck/rerunfilecheck.sty
Package: rerunfilecheck 2022-07-10 v1.10 Rerun checks for auxiliary files (HO)
 (/usr/local/texlive/2024/texmf-dist/tex/generic/uniquecounter/uniquecounter.sty
Package: uniquecounter 2019/12/15 v1.4 Provide unlimited unique counter (HO)
)
Package uniquecounter Info: New unique counter `rerunfilecheck' on input line 285.
)) (/usr/local/texlive/2024/texmf-dist/tex/latex/beamer/beamerbaserequires.sty (/usr/local/texlive/2024/texmf-dist/tex/latex/beamer/beamerbasecompatibility.sty) (/usr/local/texlive/2024/texmf-dist/tex/latex/beamer/beamerbasefont.sty (/usr/local/texlive/2024/texmf-dist/tex/latex/amsfonts/amssymb.sty
Package: amssymb 2013/01/14 v3.01 AMS font symbols
 (/usr/local/texlive/2024/texmf-dist/tex/latex/amsfonts/amsfonts.sty
Package: amsfonts 2013/01/14 v3.01 Basic AMSFonts support
\@emptytoks=\toks29
\symAMSa=\mathgroup4
\symAMSb=\mathgroup5
LaTeX Font Info:    Redeclaring math symbol \hbar on input line 98.
LaTeX Font Info:    Overwriting math alphabet `\mathfrak' in version `bold'
(Font)                  U/euf/m/n --> U/euf/b/n on input line 106.
)) (/usr/local/texlive/2024/texmf-dist/tex/latex/sansmathaccent/sansmathaccent.sty
Package: sansmathaccent 2020/01/31
 (/usr/local/texlive/2024/texmf-dist/tex/latex/koma-script/scrlfile.sty
Package: scrlfile 2023/07/07 v3.41 KOMA-Script package (file load hooks)
 (/usr/local/texlive/2024/texmf-dist/tex/latex/koma-script/scrlfile-hook.sty
Package: scrlfile-hook 2023/07/07 v3.41 KOMA-Script package (using LaTeX hooks)
 (/usr/local/texlive/2024/texmf-dist/tex/latex/koma-script/scrlogo.sty
Package: scrlogo 2023/07/07 v3.41 KOMA-Script package (logo)
))))) (/usr/local/texlive/2024/texmf-dist/tex/latex/beamer/beamerbasetranslator.sty (/usr/local/texlive/2024/texmf-dist/tex/latex/translator/translator.sty
Package: translator 2021-05-31 v1.12d Easy translation of strings in LaTeX
)) (/usr/local/texlive/2024/texmf-dist/tex/latex/beamer/beamerbasemisc.sty) (/usr/local/texlive/2024/texmf-dist/tex/latex/beamer/beamerbasetwoscreens.sty) (/usr/local/texlive/2024/texmf-dist/tex/latex/beamer/beamerbaseoverlay.sty
\beamer@argscount=\count310
\beamer@lastskipcover=\skip51
\beamer@trivlistdepth=\count311
) (/usr/local/texlive/2024/texmf-dist/tex/latex/beamer/beamerbasetitle.sty) (/usr/local/texlive/2024/texmf-dist/tex/latex/beamer/beamerbasesection.sty
\c@lecture=\count312
\c@part=\count313
\c@section=\count314
\c@subsection=\count315
\c@subsubsection=\count316
) (/usr/local/texlive/2024/texmf-dist/tex/latex/beamer/beamerbaseframe.sty
\beamer@framebox=\box66
\beamer@frametitlebox=\box67
\beamer@zoombox=\box68
\beamer@zoomcount=\count317
\beamer@zoomframecount=\count318
\beamer@frametextheight=\dimen271
\c@subsectionslide=\count319
\beamer@frametopskip=\skip52
\beamer@framebottomskip=\skip53
\beamer@frametopskipautobreak=\skip54
\beamer@framebottomskipautobreak=\skip55
\beamer@envbody=\toks30
\framewidth=\dimen272
\c@framenumber=\count320
) (/usr/local/texlive/2024/texmf-dist/tex/latex/beamer/beamerbaseverbatim.sty
\beamer@verbatimfileout=\write4
) (/usr/local/texlive/2024/texmf-dist/tex/latex/beamer/beamerbaseframesize.sty
\beamer@splitbox=\box69
\beamer@autobreakcount=\count321
\beamer@autobreaklastheight=\dimen273
\beamer@frametitletoks=\toks31
\beamer@framesubtitletoks=\toks32
) (/usr/local/texlive/2024/texmf-dist/tex/latex/beamer/beamerbaseframecomponents.sty
\beamer@footins=\box70
) (/usr/local/texlive/2024/texmf-dist/tex/latex/beamer/beamerbasecolor.sty) (/usr/local/texlive/2024/texmf-dist/tex/latex/beamer/beamerbasenotes.sty
\beamer@frameboxcopy=\box71
) (/usr/local/texlive/2024/texmf-dist/tex/latex/beamer/beamerbasetoc.sty) (/usr/local/texlive/2024/texmf-dist/tex/latex/beamer/beamerbasetemplates.sty
\beamer@sbttoks=\toks33
 (/usr/local/texlive/2024/texmf-dist/tex/latex/beamer/beamerbaseauxtemplates.sty (/usr/local/texlive/2024/texmf-dist/tex/latex/beamer/beamerbaseboxes.sty
\bmb@box=\box72
\bmb@colorbox=\box73
\bmb@boxwidth=\dimen274
\bmb@boxheight=\dimen275
\bmb@prevheight=\dimen276
\bmb@temp=\dimen277
\bmb@dima=\dimen278
\bmb@dimb=\dimen279
\bmb@prevheight=\dimen280
)
\beamer@blockheadheight=\dimen281
)) (/usr/local/texlive/2024/texmf-dist/tex/latex/beamer/beamerbaselocalstructure.sty (/usr/local/texlive/2024/texmf-dist/tex/latex/tools/enumerate.sty
Package: enumerate 2023/07/04 v3.00 enumerate extensions (DPC)
\@enLab=\toks34
)
\beamer@bibiconwidth=\skip56
\c@figure=\count322
\c@table=\count323
\abovecaptionskip=\skip57
\belowcaptionskip=\skip58
) (/usr/local/texlive/2024/texmf-dist/tex/latex/beamer/beamerbasenavigation.sty (/usr/local/texlive/2024/texmf-dist/tex/latex/beamer/beamerbasenavigationsymbols.tex)
\beamer@section@min@dim=\dimen282
) (/usr/local/texlive/2024/texmf-dist/tex/latex/beamer/beamerbasetheorems.sty (/usr/local/texlive/2024/texmf-dist/tex/latex/amsmath/amsmath.sty
Package: amsmath 2023/05/13 v2.17o AMS math features
\@mathmargin=\skip59

For additional information on amsmath, use the `?' option.
(/usr/local/texlive/2024/texmf-dist/tex/latex/amsmath/amstext.sty
Package: amstext 2021/08/26 v2.01 AMS text
 (/usr/local/texlive/2024/texmf-dist/tex/latex/amsmath/amsgen.sty
File: amsgen.sty 1999/11/30 v2.0 generic functions
\@emptytoks=\toks35
\ex@=\dimen283
)) (/usr/local/texlive/2024/texmf-dist/tex/latex/amsmath/amsbsy.sty
Package: amsbsy 1999/11/29 v1.2d Bold Symbols
\pmbraise@=\dimen284
) (/usr/local/texlive/2024/texmf-dist/tex/latex/amsmath/amsopn.sty
Package: amsopn 2022/04/08 v2.04 operator names
)
\inf@bad=\count324
LaTeX Info: Redefining \frac on input line 234.
\uproot@=\count325
\leftroot@=\count326
LaTeX Info: Redefining \overline on input line 399.
LaTeX Info: Redefining \colon on input line 410.
\classnum@=\count327
\DOTSCASE@=\count328
LaTeX Info: Redefining \ldots on input line 496.
LaTeX Info: Redefining \dots on input line 499.
LaTeX Info: Redefining \cdots on input line 620.
\Mathstrutbox@=\box74
\strutbox@=\box75
LaTeX Info: Redefining \big on input line 722.
LaTeX Info: Redefining \Big on input line 723.
LaTeX Info: Redefining \bigg on input line 724.
LaTeX Info: Redefining \Bigg on input line 725.
\big@size=\dimen285
LaTeX Font Info:    Redeclaring font encoding OML on input line 743.
LaTeX Font Info:    Redeclaring font encoding OMS on input line 744.
\macc@depth=\count329
LaTeX Info: Redefining \bmod on input line 905.
LaTeX Info: Redefining \pmod on input line 910.
LaTeX Info: Redefining \smash on input line 940.
LaTeX Info: Redefining \relbar on input line 970.
LaTeX Info: Redefining \Relbar on input line 971.
\c@MaxMatrixCols=\count330
\dotsspace@=\muskip17
\c@parentequation=\count331
\dspbrk@lvl=\count332
\tag@help=\toks36
\row@=\count333
\column@=\count334
\maxfields@=\count335
\andhelp@=\toks37
\eqnshift@=\dimen286
\alignsep@=\dimen287
\tagshift@=\dimen288
\tagwidth@=\dimen289
\totwidth@=\dimen290
\lineht@=\dimen291
\@envbody=\toks38
\multlinegap=\skip60
\multlinetaggap=\skip61
\mathdisplay@stack=\toks39
LaTeX Info: Redefining \[ on input line 2953.
LaTeX Info: Redefining \] on input line 2954.
) (/usr/local/texlive/2024/texmf-dist/tex/latex/amscls/amsthm.sty
Package: amsthm 2020/05/29 v2.20.6
\thm@style=\toks40
\thm@bodyfont=\toks41
\thm@headfont=\toks42
\thm@notefont=\toks43
\thm@headpunct=\toks44
\thm@preskip=\skip62
\thm@postskip=\skip63
\thm@headsep=\skip64
\dth@everypar=\toks45
)
\c@theorem=\count336
) (/usr/local/texlive/2024/texmf-dist/tex/latex/beamer/beamerbasethemes.sty)) (/usr/local/texlive/2024/texmf-dist/tex/latex/beamer/beamerthemedefault.sty (/usr/local/texlive/2024/texmf-dist/tex/latex/beamer/beamerfontthemedefault.sty) (/usr/local/texlive/2024/texmf-dist/tex/latex/beamer/beamercolorthemedefault.sty) (/usr/local/texlive/2024/texmf-dist/tex/latex/beamer/beamerinnerthemedefault.sty
\beamer@dima=\dimen292
\beamer@dimb=\dimen293
) (/usr/local/texlive/2024/texmf-dist/tex/latex/beamer/beamerouterthemedefault.sty))) (/usr/local/texlive/2024/texmf-dist/tex/latex/beamer/beamerthemeMadrid.sty (/usr/local/texlive/2024/texmf-dist/tex/latex/beamer/beamercolorthemewhale.sty) (/usr/local/texlive/2024/texmf-dist/tex/latex/beamer/beamercolorthemeorchid.sty) (/usr/local/texlive/2024/texmf-dist/tex/latex/beamer/beamerinnerthemerounded.sty) (/usr/local/texlive/2024/texmf-dist/tex/latex/beamer/beamerouterthemeinfolines.sty)) (/usr/local/texlive/2024/texmf-dist/tex/latex/pgf/frontendlayer/tikz.sty (/usr/local/texlive/2024/texmf-dist/tex/latex/pgf/basiclayer/pgf.sty
Package: pgf 2023-01-15 v3.1.10 (3.1.10)
 (/usr/local/texlive/2024/texmf-dist/tex/generic/pgf/modules/pgfmoduleshapes.code.tex
File: pgfmoduleshapes.code.tex 2023-01-15 v3.1.10 (3.1.10)
\pgfnodeparttextbox=\box76
) (/usr/local/texlive/2024/texmf-dist/tex/generic/pgf/modules/pgfmoduleplot.code.tex
File: pgfmoduleplot.code.tex 2023-01-15 v3.1.10 (3.1.10)
) (/usr/local/texlive/2024/texmf-dist/tex/latex/pgf/compatibility/pgfcomp-version-0-65.sty
Package: pgfcomp-version-0-65 2023-01-15 v3.1.10 (3.1.10)
\pgf@nodesepstart=\dimen294
\pgf@nodesepend=\dimen295
) (/usr/local/texlive/2024/texmf-dist/tex/latex/pgf/compatibility/pgfcomp-version-1-18.sty
Package: pgfcomp-version-1-18 2023-01-15 v3.1.10 (3.1.10)
)) (/usr/local/texlive/2024/texmf-dist/tex/latex/pgf/utilities/pgffor.sty (/usr/local/texlive/2024/texmf-dist/tex/generic/pgf/utilities/pgffor.code.tex
Package: pgffor 2023-01-15 v3.1.10 (3.1.10)
\pgffor@iter=\dimen296
\pgffor@skip=\dimen297
\pgffor@stack=\toks46
\pgffor@toks=\toks47
)) (/usr/local/texlive/2024/texmf-dist/tex/generic/pgf/frontendlayer/tikz/tikz.code.tex
Package: tikz 2023-01-15 v3.1.10 (3.1.10)
 (/usr/local/texlive/2024/texmf-dist/tex/generic/pgf/libraries/pgflibraryplothandlers.code.tex
File: pgflibraryplothandlers.code.tex 2023-01-15 v3.1.10 (3.1.10)
\pgf@plot@mark@count=\count337
\pgfplotmarksize=\dimen298
)
\tikz@lastx=\dimen299
\tikz@lasty=\dimen300
\tikz@lastxsaved=\dimen301
\tikz@lastysaved=\dimen302
\tikz@lastmovetox=\dimen303
\tikz@lastmovetoy=\dimen304
\tikzleveldistance=\dimen305
\tikzsiblingdistance=\dimen306
\tikz@figbox=\box77
\tikz@figbox@bg=\box78
\tikz@tempbox=\box79
\tikz@tempbox@bg=\box80
\tikztreelevel=\count338
\tikznumberofchildren=\count339
\tikznumberofcurrentchild=\count340
\tikz@fig@count=\count341
 (/usr/local/texlive/2024/texmf-dist/tex/generic/pgf/modules/pgfmodulematrix.code.tex
File: pgfmodulematrix.code.tex 2023-01-15 v3.1.10 (3.1.10)
\pgfmatrixcurrentrow=\count342
\pgfmatrixcurrentcolumn=\count343
\pgf@matrix@numberofcolumns=\count344
)
\tikz@expandcount=\count345
 (/usr/local/texlive/2024/texmf-dist/tex/generic/pgf/frontendlayer/tikz/libraries/tikzlibrarytopaths.code.tex
File: tikzlibrarytopaths.code.tex 2023-01-15 v3.1.10 (3.1.10)
))) (/usr/local/texlive/2024/texmf-dist/tex/generic/pgf/frontendlayer/tikz/libraries/tikzlibraryfit.code.tex
File: tikzlibraryfit.code.tex 2023-01-15 v3.1.10 (3.1.10)
) (/usr/local/texlive/2024/texmf-dist/tex/generic/pgf/frontendlayer/tikz/libraries/tikzlibrarycalc.code.tex
File: tikzlibrarycalc.code.tex 2023-01-15 v3.1.10 (3.1.10)
) (/usr/local/texlive/2024/texmf-dist/tex/latex/media9/media9.sty
Package: media9 2022/08/04 v1.25 acrobat-9/X compatible media
\g_mix_pkgresizeflag_int=\count346
 (/usr/local/texlive/2024/texmf-dist/tex/latex/media9/pdfbase.sty
Package: pdfbase 2022/08/04 v0.55 driver independent access to low-level PDF features
 (/usr/local/texlive/2024/texmf-dist/tex/latex/l3backend/l3backend-pdftex.def
File: l3backend-pdftex.def 2024-02-20 L3 backend support: PDF output (pdfTeX)
\l__color_backend_stack_int=\count347
\l__pdf_internal_box=\box81
)
\g_pbs_page_int=\count348
\g_pbs_oc_int=\count349
) (/usr/local/texlive/2024/texmf-dist/tex/latex/ocgx2/ocgbase.sty
Package: ocgbase 2022/08/04 v0.22 support package for ocgx2.sty
\g_ocgbase_nd_int=\count350
)
\l_mix_poster_box=\box82
\g_mix_wd_dim=\dimen307
\g_mix_ht_dim=\dimen308
\g_mix_dp_dim=\dimen309
\g_mix_rmcnt_int=\count351
\l_mix_viewcnt_int=\count352
\g@mix@page@int=\count353
\g_mix_resizeflag_int=\count354
\l_mix_lineno_int=\count355
\l_mix_pbtn_box=\box83
\g_mix_mbtncnt_int=\count356
\mix@btn@dim=\dimen310
) (/usr/local/texlive/2024/texmf-dist/tex/latex/appendixnumberbeamer/appendixnumberbeamer.sty)
\c@sectionframes=\count357
\c@sectionframecount=\count358
 (/usr/local/texlive/2024/texmf-dist/tex/latex/beamer/beamercolorthemebeaver.sty)

Package hyperref Warning: Token not allowed in a PDF string (Unicode):
(hyperref)                removing `\\' on input line 72.

(./presentationSeminar.aux

LaTeX Warning: Label `e:corrected_dwr_nodal' multiply defined.


LaTeX Warning: Label `e:multiscale_weak_statement' multiply defined.


LaTeX Warning: Label `e:s_grad' multiply defined.

)
\openout1 = `presentationSeminar.aux'.

LaTeX Font Info:    Checking defaults for OML/cmm/m/it on input line 79.
LaTeX Font Info:    ... okay on input line 79.
LaTeX Font Info:    Checking defaults for OMS/cmsy/m/n on input line 79.
LaTeX Font Info:    ... okay on input line 79.
LaTeX Font Info:    Checking defaults for OT1/cmr/m/n on input line 79.
LaTeX Font Info:    ... okay on input line 79.
LaTeX Font Info:    Checking defaults for T1/cmr/m/n on input line 79.
LaTeX Font Info:    ... okay on input line 79.
LaTeX Font Info:    Checking defaults for TS1/cmr/m/n on input line 79.
LaTeX Font Info:    ... okay on input line 79.
LaTeX Font Info:    Checking defaults for OMX/cmex/m/n on input line 79.
LaTeX Font Info:    ... okay on input line 79.
LaTeX Font Info:    Checking defaults for U/cmr/m/n on input line 79.
LaTeX Font Info:    ... okay on input line 79.
LaTeX Font Info:    Checking defaults for PD1/pdf/m/n on input line 79.
LaTeX Font Info:    ... okay on input line 79.
LaTeX Font Info:    Checking defaults for PU/pdf/m/n on input line 79.
LaTeX Font Info:    ... okay on input line 79.

*geometry* driver: auto-detecting
*geometry* detected driver: pdftex
*geometry* verbose mode - [ preamble ] result:
* driver: pdftex
* paper: custom
* layout: <same size as paper>
* layoutoffset:(h,v)=(0.0pt,0.0pt)
* modes: includehead includefoot 
* h-part:(L,W,R)=(10.95003pt, 342.2953pt, 10.95003pt)
* v-part:(T,H,B)=(0.0pt, 273.14662pt, 0.0pt)
* \paperwidth=364.19536pt
* \paperheight=273.14662pt
* \textwidth=342.2953pt
* \textheight=244.6939pt
* \oddsidemargin=-61.31996pt
* \evensidemargin=-61.31996pt
* \topmargin=-72.26999pt
* \headheight=14.22636pt
* \headsep=0.0pt
* \topskip=11.0pt
* \footskip=14.22636pt
* \marginparwidth=4.0pt
* \marginparsep=10.0pt
* \columnsep=10.0pt
* \skip\footins=10.0pt plus 4.0pt minus 2.0pt
* \hoffset=0.0pt
* \voffset=0.0pt
* \mag=1000
* \@twocolumnfalse
* \@twosidefalse
* \@mparswitchfalse
* \@reversemarginfalse
* (1in=72.27pt=25.4mm, 1cm=28.453pt)

(/usr/local/texlive/2024/texmf-dist/tex/context/base/mkii/supp-pdf.mkii
[Loading MPS to PDF converter (version 2006.09.02).]
\scratchcounter=\count359
\scratchdimen=\dimen311
\scratchbox=\box84
\nofMPsegments=\count360
\nofMParguments=\count361
\everyMPshowfont=\toks48
\MPscratchCnt=\count362
\MPscratchDim=\dimen312
\MPnumerator=\count363
\makeMPintoPDFobject=\count364
\everyMPtoPDFconversion=\toks49
) (/usr/local/texlive/2024/texmf-dist/tex/latex/epstopdf-pkg/epstopdf-base.sty
Package: epstopdf-base 2020-01-24 v2.11 Base part for package epstopdf
Package epstopdf-base Info: Redefining graphics rule for `.eps' on input line 485.
 (/usr/local/texlive/2024/texmf-dist/tex/latex/latexconfig/epstopdf-sys.cfg
File: epstopdf-sys.cfg 2010/07/13 v1.3 Configuration of (r)epstopdf for TeX Live
))
Package hyperref Info: Link coloring OFF on input line 79.
 (./presentationSeminar.out) (./presentationSeminar.out)
\@outlinefile=\write5
\openout5 = `presentationSeminar.out'.

LaTeX Font Info:    Overwriting symbol font `operators' in version `normal'
(Font)                  OT1/cmr/m/n --> OT1/cmss/m/n on input line 79.
LaTeX Font Info:    Overwriting symbol font `operators' in version `bold'
(Font)                  OT1/cmr/bx/n --> OT1/cmss/b/n on input line 79.
\symnumbers=\mathgroup6
\sympureletters=\mathgroup7
LaTeX Font Info:    Overwriting math alphabet `\mathrm' in version `normal'
(Font)                  OT1/cmss/m/n --> OT1/cmr/m/n on input line 79.
LaTeX Font Info:    Redeclaring math alphabet \mathbf on input line 79.
LaTeX Font Info:    Overwriting math alphabet `\mathbf' in version `normal'
(Font)                  OT1/cmr/bx/n --> OT1/cmss/b/n on input line 79.
LaTeX Font Info:    Overwriting math alphabet `\mathbf' in version `bold'
(Font)                  OT1/cmr/bx/n --> OT1/cmss/b/n on input line 79.
LaTeX Font Info:    Redeclaring math alphabet \mathsf on input line 79.
LaTeX Font Info:    Overwriting math alphabet `\mathsf' in version `normal'
(Font)                  OT1/cmss/m/n --> OT1/cmss/m/n on input line 79.
LaTeX Font Info:    Overwriting math alphabet `\mathsf' in version `bold'
(Font)                  OT1/cmss/bx/n --> OT1/cmss/m/n on input line 79.
LaTeX Font Info:    Redeclaring math alphabet \mathit on input line 79.
LaTeX Font Info:    Overwriting math alphabet `\mathit' in version `normal'
(Font)                  OT1/cmr/m/it --> OT1/cmss/m/it on input line 79.
LaTeX Font Info:    Overwriting math alphabet `\mathit' in version `bold'
(Font)                  OT1/cmr/bx/it --> OT1/cmss/m/it on input line 79.
LaTeX Font Info:    Redeclaring math alphabet \mathtt on input line 79.
LaTeX Font Info:    Overwriting math alphabet `\mathtt' in version `normal'
(Font)                  OT1/cmtt/m/n --> OT1/cmtt/m/n on input line 79.
LaTeX Font Info:    Overwriting math alphabet `\mathtt' in version `bold'
(Font)                  OT1/cmtt/m/n --> OT1/cmtt/m/n on input line 79.
LaTeX Font Info:    Overwriting symbol font `numbers' in version `bold'
(Font)                  OT1/cmss/m/n --> OT1/cmss/b/n on input line 79.
LaTeX Font Info:    Overwriting symbol font `pureletters' in version `bold'
(Font)                  OT1/cmss/m/it --> OT1/cmss/b/it on input line 79.
LaTeX Font Info:    Overwriting math alphabet `\mathrm' in version `bold'
(Font)                  OT1/cmss/b/n --> OT1/cmr/b/n on input line 79.
LaTeX Font Info:    Overwriting math alphabet `\mathbf' in version `bold'
(Font)                  OT1/cmss/b/n --> OT1/cmss/b/n on input line 79.
LaTeX Font Info:    Overwriting math alphabet `\mathsf' in version `bold'
(Font)                  OT1/cmss/m/n --> OT1/cmss/b/n on input line 79.
LaTeX Font Info:    Overwriting math alphabet `\mathit' in version `bold'
(Font)                  OT1/cmss/m/it --> OT1/cmss/b/it on input line 79.
LaTeX Font Info:    Overwriting math alphabet `\mathtt' in version `bold'
(Font)                  OT1/cmtt/m/n --> OT1/cmtt/b/n on input line 79.
LaTeX Font Info:    Redeclaring symbol font `pureletters' on input line 79.
LaTeX Font Info:    Overwriting symbol font `pureletters' in version `normal'
(Font)                  OT1/cmss/m/it --> OT1/mathkerncmss/m/sl on input line 79.
LaTeX Font Info:    Overwriting symbol font `pureletters' in version `bold'
(Font)                  OT1/cmss/b/it --> OT1/mathkerncmss/m/sl on input line 79.
LaTeX Font Info:    Overwriting symbol font `pureletters' in version `bold'
(Font)                  OT1/mathkerncmss/m/sl --> OT1/mathkerncmss/bx/sl on input line 79.
 (/usr/local/texlive/2024/texmf-dist/tex/latex/translator/translator-basic-dictionary-English.dict
Dictionary: translator-basic-dictionary, Language: English 
) (/usr/local/texlive/2024/texmf-dist/tex/latex/translator/translator-bibliography-dictionary-English.dict
Dictionary: translator-bibliography-dictionary, Language: English 
) (/usr/local/texlive/2024/texmf-dist/tex/latex/translator/translator-environment-dictionary-English.dict
Dictionary: translator-environment-dictionary, Language: English 
) (/usr/local/texlive/2024/texmf-dist/tex/latex/translator/translator-months-dictionary-English.dict
Dictionary: translator-months-dictionary, Language: English 
) (/usr/local/texlive/2024/texmf-dist/tex/latex/translator/translator-numbers-dictionary-English.dict
Dictionary: translator-numbers-dictionary, Language: English 
) (/usr/local/texlive/2024/texmf-dist/tex/latex/translator/translator-theorem-dictionary-English.dict
Dictionary: translator-theorem-dictionary, Language: English 
) (./presentationSeminar.nav)
<../figs/title_page/mit_logo.png, id=63, 3011.25pt x 2007.5pt>
File: ../figs/title_page/mit_logo.png Graphic file (type png)
<use ../figs/title_page/mit_logo.png>
Package pdftex.def Info: ../figs/title_page/mit_logo.png  used on input line 103.
(pdftex.def)             Requested size: 42.63966pt x 28.45274pt.
<../figs/title_page/aeroastro_logo.jpg, id=64, 401.5pt x 401.5pt>
File: ../figs/title_page/aeroastro_logo.jpg Graphic file (type jpg)
<use ../figs/title_page/aeroastro_logo.jpg>
Package pdftex.def Info: ../figs/title_page/aeroastro_logo.jpg  used on input line 103.
(pdftex.def)             Requested size: 28.45094pt x 28.45274pt.
<../figs/title_page/mitccse_logo.jpeg, id=65, 200.75pt x 200.75pt>
File: ../figs/title_page/mitccse_logo.jpeg Graphic file (type jpg)
<use ../figs/title_page/mitccse_logo.jpeg>
Package pdftex.def Info: ../figs/title_page/mitccse_logo.jpeg  used on input line 103.
(pdftex.def)             Requested size: 28.45094pt x 28.45274pt.

Overfull \vbox (21.8622pt too high) detected at line 103
 []

[1

{/usr/local/texlive/2024/texmf-var/fonts/map/pdftex/updmap/pdftex.map} <../figs/title_page/mit_logo.png> <../figs/title_page/aeroastro_logo.jpg> <../figs/title_page/mitccse_logo.jpeg>]
Underfull \hbox (badness 4859) in paragraph at lines 163--163
[]\OT1/cmss/m/n/10.95 Enable su-per-sonic com-mer-cial flights
 []

<../figs/motivation/x59.jpg, id=107, 1927.2pt x 1204.5pt>
File: ../figs/motivation/x59.jpg Graphic file (type jpg)
<use ../figs/motivation/x59.jpg>
Package pdftex.def Info: ../figs/motivation/x59.jpg  used on input line 163.
(pdftex.def)             Requested size: 136.56456pt x 85.35826pt.
<../figs/motivation/sonicboomX59Art.png, id=108, 1204.5pt x 941.5175pt>
File: ../figs/motivation/sonicboomX59Art.png Graphic file (type png)
<use ../figs/motivation/sonicboomX59Art.png>
Package pdftex.def Info: ../figs/motivation/sonicboomX59Art.png  used on input line 163.
(pdftex.def)             Requested size: 109.19063pt x 85.35826pt.
[2

 <../figs/motivation/x59.jpg> <../figs/motivation/sonicboomX59Art.png>]
Underfull \hbox (badness 4859) in paragraph at lines 163--163
[]\OT1/cmss/m/n/10.95 Enable su-per-sonic com-mer-cial flights
 []

File: ../figs/motivation/x59.jpg Graphic file (type jpg)
<use ../figs/motivation/x59.jpg>
Package pdftex.def Info: ../figs/motivation/x59.jpg  used on input line 163.
(pdftex.def)             Requested size: 136.56456pt x 85.35826pt.
File: ../figs/motivation/sonicboomX59Art.png Graphic file (type png)
<use ../figs/motivation/sonicboomX59Art.png>
Package pdftex.def Info: ../figs/motivation/sonicboomX59Art.png  used on input line 163.
(pdftex.def)             Requested size: 109.19063pt x 85.35826pt.
[3

]
Underfull \hbox (badness 4859) in paragraph at lines 163--163
[]\OT1/cmss/m/n/10.95 Enable su-per-sonic com-mer-cial flights
 []

File: ../figs/motivation/x59.jpg Graphic file (type jpg)
<use ../figs/motivation/x59.jpg>
Package pdftex.def Info: ../figs/motivation/x59.jpg  used on input line 163.
(pdftex.def)             Requested size: 136.56456pt x 85.35826pt.
File: ../figs/motivation/sonicboomX59Art.png Graphic file (type png)
<use ../figs/motivation/sonicboomX59Art.png>
Package pdftex.def Info: ../figs/motivation/sonicboomX59Art.png  used on input line 163.
(pdftex.def)             Requested size: 109.19063pt x 85.35826pt.
[4

]
LaTeX Font Info:    Trying to load font information for U+msa on input line 332.
 (/usr/local/texlive/2024/texmf-dist/tex/latex/amsfonts/umsa.fd
File: umsa.fd 2013/01/14 v3.01 AMS symbols A
)
LaTeX Font Info:    Trying to load font information for U+msb on input line 332.
 (/usr/local/texlive/2024/texmf-dist/tex/latex/amsfonts/umsb.fd
File: umsb.fd 2013/01/14 v3.01 AMS symbols B
)
LaTeX Font Info:    Trying to load font information for OT1+mathkerncmss on input line 332.
 (/usr/local/texlive/2024/texmf-dist/tex/latex/sansmathaccent/ot1mathkerncmss.fd
File: ot1mathkerncmss.fd 2020/01/31 Fontinst v1.933 font definitions for OT1/mathkerncmss.
)
<../figs/motivation/CFDandProp.png, id=207, 727.71875pt x 728.7225pt>
File: ../figs/motivation/CFDandProp.png Graphic file (type png)
<use ../figs/motivation/CFDandProp.png>
Package pdftex.def Info: ../figs/motivation/CFDandProp.png  used on input line 332.
(pdftex.def)             Requested size: 156.2677pt x 156.49014pt.
File: ../figs/motivation/CFDandProp.png Graphic file (type png)
<use ../figs/motivation/CFDandProp.png>
Package pdftex.def Info: ../figs/motivation/CFDandProp.png  used on input line 332.
(pdftex.def)             Requested size: 156.2677pt x 156.49014pt.
File: ../figs/motivation/CFDandProp.png Graphic file (type png)
<use ../figs/motivation/CFDandProp.png>
Package pdftex.def Info: ../figs/motivation/CFDandProp.png  used on input line 332.
(pdftex.def)             Requested size: 156.2677pt x 156.49014pt.
File: ../figs/motivation/CFDandProp.png Graphic file (type png)
<use ../figs/motivation/CFDandProp.png>
Package pdftex.def Info: ../figs/motivation/CFDandProp.png  used on input line 332.
(pdftex.def)             Requested size: 156.2677pt x 156.49014pt.
 [5

 <../figs/motivation/CFDandProp.png>]
File: ../figs/motivation/CFDandProp.png Graphic file (type png)
<use ../figs/motivation/CFDandProp.png>
Package pdftex.def Info: ../figs/motivation/CFDandProp.png  used on input line 332.
(pdftex.def)             Requested size: 156.2677pt x 156.49014pt.
File: ../figs/motivation/CFDandProp.png Graphic file (type png)
<use ../figs/motivation/CFDandProp.png>
Package pdftex.def Info: ../figs/motivation/CFDandProp.png  used on input line 332.
(pdftex.def)             Requested size: 156.2677pt x 156.49014pt.
File: ../figs/motivation/CFDandProp.png Graphic file (type png)
<use ../figs/motivation/CFDandProp.png>
Package pdftex.def Info: ../figs/motivation/CFDandProp.png  used on input line 332.
(pdftex.def)             Requested size: 156.2677pt x 156.49014pt.
File: ../figs/motivation/CFDandProp.png Graphic file (type png)
<use ../figs/motivation/CFDandProp.png>
Package pdftex.def Info: ../figs/motivation/CFDandProp.png  used on input line 332.
(pdftex.def)             Requested size: 156.2677pt x 156.49014pt.
 [6

]
File: ../figs/motivation/CFDandProp.png Graphic file (type png)
<use ../figs/motivation/CFDandProp.png>
Package pdftex.def Info: ../figs/motivation/CFDandProp.png  used on input line 332.
(pdftex.def)             Requested size: 156.2677pt x 156.49014pt.
File: ../figs/motivation/CFDandProp.png Graphic file (type png)
<use ../figs/motivation/CFDandProp.png>
Package pdftex.def Info: ../figs/motivation/CFDandProp.png  used on input line 332.
(pdftex.def)             Requested size: 156.2677pt x 156.49014pt.
File: ../figs/motivation/CFDandProp.png Graphic file (type png)
<use ../figs/motivation/CFDandProp.png>
Package pdftex.def Info: ../figs/motivation/CFDandProp.png  used on input line 332.
(pdftex.def)             Requested size: 156.2677pt x 156.49014pt.
File: ../figs/motivation/CFDandProp.png Graphic file (type png)
<use ../figs/motivation/CFDandProp.png>
Package pdftex.def Info: ../figs/motivation/CFDandProp.png  used on input line 332.
(pdftex.def)             Requested size: 156.2677pt x 156.49014pt.
 [7

]
File: ../figs/motivation/CFDandProp.png Graphic file (type png)
<use ../figs/motivation/CFDandProp.png>
Package pdftex.def Info: ../figs/motivation/CFDandProp.png  used on input line 332.
(pdftex.def)             Requested size: 156.2677pt x 156.49014pt.
File: ../figs/motivation/CFDandProp.png Graphic file (type png)
<use ../figs/motivation/CFDandProp.png>
Package pdftex.def Info: ../figs/motivation/CFDandProp.png  used on input line 332.
(pdftex.def)             Requested size: 156.2677pt x 156.49014pt.
File: ../figs/motivation/CFDandProp.png Graphic file (type png)
<use ../figs/motivation/CFDandProp.png>
Package pdftex.def Info: ../figs/motivation/CFDandProp.png  used on input line 332.
(pdftex.def)             Requested size: 156.2677pt x 156.49014pt.
File: ../figs/motivation/CFDandProp.png Graphic file (type png)
<use ../figs/motivation/CFDandProp.png>
Package pdftex.def Info: ../figs/motivation/CFDandProp.png  used on input line 332.
(pdftex.def)             Requested size: 156.2677pt x 156.49014pt.
 [8

]
File: ../figs/motivation/CFDandProp.png Graphic file (type png)
<use ../figs/motivation/CFDandProp.png>
Package pdftex.def Info: ../figs/motivation/CFDandProp.png  used on input line 332.
(pdftex.def)             Requested size: 156.2677pt x 156.49014pt.
File: ../figs/motivation/CFDandProp.png Graphic file (type png)
<use ../figs/motivation/CFDandProp.png>
Package pdftex.def Info: ../figs/motivation/CFDandProp.png  used on input line 332.
(pdftex.def)             Requested size: 156.2677pt x 156.49014pt.
File: ../figs/motivation/CFDandProp.png Graphic file (type png)
<use ../figs/motivation/CFDandProp.png>
Package pdftex.def Info: ../figs/motivation/CFDandProp.png  used on input line 332.
(pdftex.def)             Requested size: 156.2677pt x 156.49014pt.
File: ../figs/motivation/CFDandProp.png Graphic file (type png)
<use ../figs/motivation/CFDandProp.png>
Package pdftex.def Info: ../figs/motivation/CFDandProp.png  used on input line 332.
(pdftex.def)             Requested size: 156.2677pt x 156.49014pt.
 [9

]
File: ../figs/motivation/CFDandProp.png Graphic file (type png)
<use ../figs/motivation/CFDandProp.png>
Package pdftex.def Info: ../figs/motivation/CFDandProp.png  used on input line 332.
(pdftex.def)             Requested size: 156.2677pt x 156.49014pt.
File: ../figs/motivation/CFDandProp.png Graphic file (type png)
<use ../figs/motivation/CFDandProp.png>
Package pdftex.def Info: ../figs/motivation/CFDandProp.png  used on input line 332.
(pdftex.def)             Requested size: 156.2677pt x 156.49014pt.
File: ../figs/motivation/CFDandProp.png Graphic file (type png)
<use ../figs/motivation/CFDandProp.png>
Package pdftex.def Info: ../figs/motivation/CFDandProp.png  used on input line 332.
(pdftex.def)             Requested size: 156.2677pt x 156.49014pt.
File: ../figs/motivation/CFDandProp.png Graphic file (type png)
<use ../figs/motivation/CFDandProp.png>
Package pdftex.def Info: ../figs/motivation/CFDandProp.png  used on input line 332.
(pdftex.def)             Requested size: 156.2677pt x 156.49014pt.
 [10

]
<../figs/motivation/spaceTimeAdaptiveMethod.png, id=399, 1143.27126pt x 522.95375pt>
File: ../figs/motivation/spaceTimeAdaptiveMethod.png Graphic file (type png)
<use ../figs/motivation/spaceTimeAdaptiveMethod.png>
Package pdftex.def Info: ../figs/motivation/spaceTimeAdaptiveMethod.png  used on input line 356.
(pdftex.def)             Requested size: 342.11177pt x 156.49014pt.
 [11

 <../figs/motivation/spaceTimeAdaptiveMethod.png>]
File: ../figs/motivation/spaceTimeAdaptiveMethod.png Graphic file (type png)
<use ../figs/motivation/spaceTimeAdaptiveMethod.png>
Package pdftex.def Info: ../figs/motivation/spaceTimeAdaptiveMethod.png  used on input line 356.
(pdftex.def)             Requested size: 342.11177pt x 156.49014pt.
 [12

]
<../figs/motivation/errorInNoisesBOOM.pdf, id=463, 426.64043pt x 298.8983pt>
File: ../figs/motivation/errorInNoisesBOOM.pdf Graphic file (type pdf)
<use ../figs/motivation/errorInNoisesBOOM.pdf>
Package pdftex.def Info: ../figs/motivation/errorInNoisesBOOM.pdf  used on input line 435.
(pdftex.def)             Requested size: 172.60614pt x 120.92421pt.
 [13

 <../figs/motivation/errorInNoisesBOOM.pdf>]
File: ../figs/motivation/errorInNoisesBOOM.pdf Graphic file (type pdf)
<use ../figs/motivation/errorInNoisesBOOM.pdf>
Package pdftex.def Info: ../figs/motivation/errorInNoisesBOOM.pdf  used on input line 435.
(pdftex.def)             Requested size: 172.60614pt x 120.92421pt.
 [14

]
File: ../figs/motivation/errorInNoisesBOOM.pdf Graphic file (type pdf)
<use ../figs/motivation/errorInNoisesBOOM.pdf>
Package pdftex.def Info: ../figs/motivation/errorInNoisesBOOM.pdf  used on input line 435.
(pdftex.def)             Requested size: 172.60614pt x 120.92421pt.
 [15

] [16

]
<../figs/boom_modeling/Coordinate_System_.pdf, id=611, 2799.91553pt x 1649.06996pt>
File: ../figs/boom_modeling/Coordinate_System_.pdf Graphic file (type pdf)
<use ../figs/boom_modeling/Coordinate_System_.pdf>
Package pdftex.def Info: ../figs/boom_modeling/Coordinate_System_.pdf  used on input line 468.
(pdftex.def)             Requested size: 289.83429pt x 170.71652pt.
 [17

 <../figs/boom_modeling/Coordinate_System_.pdf>]

LaTeX Font Warning: Command \small invalid in math mode on input line 512.

LaTeX Font Info:    Calculating math sizes for size <> on input line 512.

LaTeX Font Warning: Font shape `OT1/cmss/m/n' in size <> not available
(Font)              size <3> substituted on input line 512.


LaTeX Font Warning: Font shape `OT1/cmss/m/n' in size <0.7> not available
(Font)              size <3> substituted on input line 512.


LaTeX Font Warning: Font shape `OT1/cmss/m/n' in size <0.5> not available
(Font)              size <3> substituted on input line 512.


LaTeX Font Warning: Font shape `OML/cmm/m/it' in size <> not available
(Font)              size <5> substituted on input line 512.


LaTeX Font Warning: Font shape `OML/cmm/m/it' in size <0.7> not available
(Font)              size <5> substituted on input line 512.


LaTeX Font Warning: Font shape `OML/cmm/m/it' in size <0.5> not available
(Font)              size <5> substituted on input line 512.


LaTeX Font Warning: Font shape `OMS/cmsy/m/n' in size <> not available
(Font)              size <5> substituted on input line 512.


LaTeX Font Warning: Font shape `OMS/cmsy/m/n' in size <0.7> not available
(Font)              size <5> substituted on input line 512.


LaTeX Font Warning: Font shape `OMS/cmsy/m/n' in size <0.5> not available
(Font)              size <5> substituted on input line 512.


LaTeX Font Warning: Command \small invalid in math mode on input line 512.

[18

]

LaTeX Font Warning: Command \small invalid in math mode on input line 512.


LaTeX Font Warning: Command \small invalid in math mode on input line 512.

[19

]

LaTeX Font Warning: Command \small invalid in math mode on input line 512.


LaTeX Font Warning: Command \small invalid in math mode on input line 512.

[20

]
<../figs/mesh_adaptation/adaptation_cycle.png, id=751, 1076.02pt x 364.36125pt>
File: ../figs/mesh_adaptation/adaptation_cycle.png Graphic file (type png)
<use ../figs/mesh_adaptation/adaptation_cycle.png>
Package pdftex.def Info: ../figs/mesh_adaptation/adaptation_cycle.png  used on input line 529.
(pdftex.def)             Requested size: 352.904pt x 119.50148pt.
 [21

 <../figs/mesh_adaptation/adaptation_cycle.png>]
File: ../figs/mesh_adaptation/adaptation_cycle.png Graphic file (type png)
<use ../figs/mesh_adaptation/adaptation_cycle.png>
Package pdftex.def Info: ../figs/mesh_adaptation/adaptation_cycle.png  used on input line 562.
(pdftex.def)             Requested size: 319.29489pt x 108.12054pt.
File: ../figs/mesh_adaptation/adaptation_cycle.png Graphic file (type png)
<use ../figs/mesh_adaptation/adaptation_cycle.png>
Package pdftex.def Info: ../figs/mesh_adaptation/adaptation_cycle.png  used on input line 562.
(pdftex.def)             Requested size: 319.29489pt x 108.12054pt.
 [22

]
LaTeX Font Info:    Font shape `OT1/cmss/b/n' in size <10.95> not available
(Font)              Font shape `OT1/cmss/bx/n' tried instead on input line 592.
LaTeX Font Info:    Font shape `OT1/cmss/b/n' in size <8> not available
(Font)              Font shape `OT1/cmss/bx/n' tried instead on input line 592.
LaTeX Font Info:    Font shape `OT1/cmss/b/n' in size <6> not available
(Font)              Font shape `OT1/cmss/bx/n' tried instead on input line 592.
 [23

{/usr/local/texlive/2024/texmf-dist/fonts/enc/dvips/cm-super/cm-super-t1.enc}] [24

]

LaTeX Font Warning: Command \footnotesize invalid in math mode on input line 637.


LaTeX Font Warning: Command \footnotesize invalid in math mode on input line 637.

[25

]

LaTeX Font Warning: Command \footnotesize invalid in math mode on input line 637.


LaTeX Font Warning: Command \footnotesize invalid in math mode on input line 637.

[26

]

LaTeX Font Warning: Command \footnotesize invalid in math mode on input line 637.


LaTeX Font Warning: Command \footnotesize invalid in math mode on input line 637.

[27

]

LaTeX Font Warning: Command \footnotesize invalid in math mode on input line 637.


LaTeX Font Warning: Command \footnotesize invalid in math mode on input line 637.

[28

] [29

] [30

] [31

]
<../figs/shock_capturing/s_grad.pdf, id=1106, 421.0005pt x 301.03708pt>
File: ../figs/shock_capturing/s_grad.pdf Graphic file (type pdf)
<use ../figs/shock_capturing/s_grad.pdf>
Package pdftex.def Info: ../figs/shock_capturing/s_grad.pdf  used on input line 701.
(pdftex.def)             Requested size: 226.81012pt x 162.18062pt.
 [32

 <../figs/shock_capturing/s_grad.pdf>]
File: ../figs/shock_capturing/s_grad.pdf Graphic file (type pdf)
<use ../figs/shock_capturing/s_grad.pdf>
Package pdftex.def Info: ../figs/shock_capturing/s_grad.pdf  used on input line 701.
(pdftex.def)             Requested size: 226.81012pt x 162.18062pt.
 [33

]
<../figs/shock_capturing/outputErrorP1only.pdf, id=1190, 408.62541pt x 301.8508pt>
File: ../figs/shock_capturing/outputErrorP1only.pdf Graphic file (type pdf)
<use ../figs/shock_capturing/outputErrorP1only.pdf>
Package pdftex.def Info: ../figs/shock_capturing/outputErrorP1only.pdf  used on input line 741.
(pdftex.def)             Requested size: 211.84421pt x 156.49014pt.
<../figs/shock_capturing/outputError.pdf, id=1191, 408.62541pt x 301.8508pt>
File: ../figs/shock_capturing/outputError.pdf Graphic file (type pdf)
<use ../figs/shock_capturing/outputError.pdf>
Package pdftex.def Info: ../figs/shock_capturing/outputError.pdf  used on input line 741.
(pdftex.def)             Requested size: 211.84421pt x 156.49014pt.
 [34

 <../figs/shock_capturing/outputErrorP1only.pdf> <../figs/shock_capturing/outputError.pdf>]
File: ../figs/shock_capturing/outputErrorP1only.pdf Graphic file (type pdf)
<use ../figs/shock_capturing/outputErrorP1only.pdf>
Package pdftex.def Info: ../figs/shock_capturing/outputErrorP1only.pdf  used on input line 741.
(pdftex.def)             Requested size: 211.84421pt x 156.49014pt.
File: ../figs/shock_capturing/outputError.pdf Graphic file (type pdf)
<use ../figs/shock_capturing/outputError.pdf>
Package pdftex.def Info: ../figs/shock_capturing/outputError.pdf  used on input line 741.
(pdftex.def)             Requested size: 211.84421pt x 156.49014pt.
 [35

]
File: ../figs/shock_capturing/outputErrorP1only.pdf Graphic file (type pdf)
<use ../figs/shock_capturing/outputErrorP1only.pdf>
Package pdftex.def Info: ../figs/shock_capturing/outputErrorP1only.pdf  used on input line 741.
(pdftex.def)             Requested size: 211.84421pt x 156.49014pt.
File: ../figs/shock_capturing/outputError.pdf Graphic file (type pdf)
<use ../figs/shock_capturing/outputError.pdf>
Package pdftex.def Info: ../figs/shock_capturing/outputError.pdf  used on input line 741.
(pdftex.def)             Requested size: 211.84421pt x 156.49014pt.
 [36

]
File: ../figs/mesh_adaptation/adaptation_cycle.png Graphic file (type png)
<use ../figs/mesh_adaptation/adaptation_cycle.png>
Package pdftex.def Info: ../figs/mesh_adaptation/adaptation_cycle.png  used on input line 774.
(pdftex.def)             Requested size: 319.29489pt x 108.12054pt.
File: ../figs/mesh_adaptation/adaptation_cycle.png Graphic file (type png)
<use ../figs/mesh_adaptation/adaptation_cycle.png>
Package pdftex.def Info: ../figs/mesh_adaptation/adaptation_cycle.png  used on input line 774.
(pdftex.def)             Requested size: 319.29489pt x 108.12054pt.
 [37

]
Overfull \vbox (4.76627pt too high) detected at line 816
 []

[38

]
Overfull \vbox (4.76627pt too high) detected at line 816
 []

[39

]
Overfull \vbox (4.76627pt too high) detected at line 816
 []

[40

]
Overfull \vbox (4.76627pt too high) detected at line 816
 []

[41

]

LaTeX Font Warning: Command \small invalid in math mode on input line 844.

<../figs/signal_filtering/bode_mag.pdf, id=1483, 867.24pt x 433.62pt>
File: ../figs/signal_filtering/bode_mag.pdf Graphic file (type pdf)
<use ../figs/signal_filtering/bode_mag.pdf>
Package pdftex.def Info: ../figs/signal_filtering/bode_mag.pdf  used on input line 844.
(pdftex.def)             Requested size: 284.52274pt x 142.26378pt.
[42

 <../figs/signal_filtering/bode_mag.pdf>]

LaTeX Font Warning: Command \small invalid in math mode on input line 844.

File: ../figs/signal_filtering/bode_mag.pdf Graphic file (type pdf)
<use ../figs/signal_filtering/bode_mag.pdf>
Package pdftex.def Info: ../figs/signal_filtering/bode_mag.pdf  used on input line 844.
(pdftex.def)             Requested size: 284.52274pt x 142.26378pt.
[43

]

LaTeX Font Warning: Command \small invalid in math mode on input line 844.

File: ../figs/signal_filtering/bode_mag.pdf Graphic file (type pdf)
<use ../figs/signal_filtering/bode_mag.pdf>
Package pdftex.def Info: ../figs/signal_filtering/bode_mag.pdf  used on input line 844.
(pdftex.def)             Requested size: 284.52274pt x 142.26378pt.
[44

] [45

] [46

] [47

]
File: ../figs/mesh_adaptation/adaptation_cycle.png Graphic file (type png)
<use ../figs/mesh_adaptation/adaptation_cycle.png>
Package pdftex.def Info: ../figs/mesh_adaptation/adaptation_cycle.png  used on input line 921.
(pdftex.def)             Requested size: 319.29489pt x 108.12054pt.
File: ../figs/mesh_adaptation/adaptation_cycle.png Graphic file (type png)
<use ../figs/mesh_adaptation/adaptation_cycle.png>
Package pdftex.def Info: ../figs/mesh_adaptation/adaptation_cycle.png  used on input line 921.
(pdftex.def)             Requested size: 319.29489pt x 108.12054pt.
 [48

] [49

] [50

] [51

] [52

] [53

] [54

]
Overfull \hbox (8.16664pt too wide) detected at line 1023
[]
 []


Overfull \vbox (2.87822pt too high) detected at line 1023
 []

[55

]
Overfull \hbox (8.16664pt too wide) detected at line 1023
[]
 []


Overfull \vbox (2.87822pt too high) detected at line 1023
 []

[56

]
Overfull \hbox (8.16664pt too wide) detected at line 1023
[]
 []


Overfull \vbox (2.87822pt too high) detected at line 1023
 []

[57

]
Overfull \hbox (8.16664pt too wide) detected at line 1023
[]
 []


Overfull \vbox (2.87822pt too high) detected at line 1023
 []

[58

]
Overfull \hbox (8.16664pt too wide) detected at line 1023
[]
 []


Overfull \vbox (2.87822pt too high) detected at line 1023
 []

[59

] [60

] [61

] [62

] [63

] [64

] [65

]
File: ../figs/mesh_adaptation/adaptation_cycle.png Graphic file (type png)
<use ../figs/mesh_adaptation/adaptation_cycle.png>
Package pdftex.def Info: ../figs/mesh_adaptation/adaptation_cycle.png  used on input line 1127.
(pdftex.def)             Requested size: 319.29489pt x 108.12054pt.
File: ../figs/mesh_adaptation/adaptation_cycle.png Graphic file (type png)
<use ../figs/mesh_adaptation/adaptation_cycle.png>
Package pdftex.def Info: ../figs/mesh_adaptation/adaptation_cycle.png  used on input line 1127.
(pdftex.def)             Requested size: 319.29489pt x 108.12054pt.
 [66

]
<../figs/mesh_adaptation/mesh_metric_duality.png, id=2277, 931.48pt x 297.11pt>
File: ../figs/mesh_adaptation/mesh_metric_duality.png Graphic file (type png)
<use ../figs/mesh_adaptation/mesh_metric_duality.png>
Package pdftex.def Info: ../figs/mesh_adaptation/mesh_metric_duality.png  used on input line 1160.
(pdftex.def)             Requested size: 303.29594pt x 96.73918pt.
 [67

 <../figs/mesh_adaptation/mesh_metric_duality.png>]
File: ../figs/mesh_adaptation/mesh_metric_duality.png Graphic file (type png)
<use ../figs/mesh_adaptation/mesh_metric_duality.png>
Package pdftex.def Info: ../figs/mesh_adaptation/mesh_metric_duality.png  used on input line 1160.
(pdftex.def)             Requested size: 303.29594pt x 96.73918pt.
 [68

] [69


pdfTeX warning (ext4): destination with the same identifier (name{e:corrected_dwr_nodal}) has been already used, duplicate ignored
<argument> ...shipout:D \box_use:N \l_shipout_box 
                                                  \__shipout_drop_firstpage_...
l.1195 \end{frame}
                  ] [70

] [71

] [72

]
<../figs/mesh_adaptation/local_patches.png, id=2469, 1095.09125pt x 502.87875pt>
File: ../figs/mesh_adaptation/local_patches.png Graphic file (type png)
<use ../figs/mesh_adaptation/local_patches.png>
Package pdftex.def Info: ../figs/mesh_adaptation/local_patches.png  used on input line 1221.
(pdftex.def)             Requested size: 278.81848pt x 128.0374pt.

Overfull \vbox (1.34772pt too high) detected at line 1221
 []

[73

 <../figs/mesh_adaptation/local_patches.png>]
File: ../figs/mesh_adaptation/local_patches.png Graphic file (type png)
<use ../figs/mesh_adaptation/local_patches.png>
Package pdftex.def Info: ../figs/mesh_adaptation/local_patches.png  used on input line 1221.
(pdftex.def)             Requested size: 278.81848pt x 128.0374pt.

Overfull \vbox (1.34772pt too high) detected at line 1221
 []

[74

]
File: ../figs/mesh_adaptation/local_patches.png Graphic file (type png)
<use ../figs/mesh_adaptation/local_patches.png>
Package pdftex.def Info: ../figs/mesh_adaptation/local_patches.png  used on input line 1221.
(pdftex.def)             Requested size: 278.81848pt x 128.0374pt.

Overfull \vbox (1.34772pt too high) detected at line 1221
 []

[75

]
File: ../figs/mesh_adaptation/adaptation_cycle.png Graphic file (type png)
<use ../figs/mesh_adaptation/adaptation_cycle.png>
Package pdftex.def Info: ../figs/mesh_adaptation/adaptation_cycle.png  used on input line 1269.
(pdftex.def)             Requested size: 319.29489pt x 108.12054pt.
File: ../figs/mesh_adaptation/adaptation_cycle.png Graphic file (type png)
<use ../figs/mesh_adaptation/adaptation_cycle.png>
Package pdftex.def Info: ../figs/mesh_adaptation/adaptation_cycle.png  used on input line 1269.
(pdftex.def)             Requested size: 319.29489pt x 108.12054pt.
File: ../figs/mesh_adaptation/adaptation_cycle.png Graphic file (type png)
<use ../figs/mesh_adaptation/adaptation_cycle.png>
Package pdftex.def Info: ../figs/mesh_adaptation/adaptation_cycle.png  used on input line 1269.
(pdftex.def)             Requested size: 319.29489pt x 108.12054pt.
 [76

] [77

]
<../figs/SBW3results/nearfield_nondimensional_SBW3_Case2_az0.pdf, id=2627, 453.93271pt x 297.34268pt>
File: ../figs/SBW3results/nearfield_nondimensional_SBW3_Case2_az0.pdf Graphic file (type pdf)
<use ../figs/SBW3results/nearfield_nondimensional_SBW3_Case2_az0.pdf>
Package pdftex.def Info: ../figs/SBW3results/nearfield_nondimensional_SBW3_Case2_az0.pdf  used on input line 1352.
(pdftex.def)             Requested size: 191.12143pt x 125.19194pt.
File: ../figs/motivation/x59.jpg Graphic file (type jpg)
<use ../figs/motivation/x59.jpg>
Package pdftex.def Info: ../figs/motivation/x59.jpg  used on input line 1352.
(pdftex.def)             Requested size: 136.56456pt x 85.35826pt.
 [78

 <../figs/SBW3results/nearfield_nondimensional_SBW3_Case2_az0.pdf>]
File: ../figs/SBW3results/nearfield_nondimensional_SBW3_Case2_az0.pdf Graphic file (type pdf)
<use ../figs/SBW3results/nearfield_nondimensional_SBW3_Case2_az0.pdf>
Package pdftex.def Info: ../figs/SBW3results/nearfield_nondimensional_SBW3_Case2_az0.pdf  used on input line 1352.
(pdftex.def)             Requested size: 191.12143pt x 125.19194pt.
File: ../figs/motivation/x59.jpg Graphic file (type jpg)
<use ../figs/motivation/x59.jpg>
Package pdftex.def Info: ../figs/motivation/x59.jpg  used on input line 1352.
(pdftex.def)             Requested size: 136.56456pt x 85.35826pt.
 [79

]
File: ../figs/SBW3results/nearfield_nondimensional_SBW3_Case2_az0.pdf Graphic file (type pdf)
<use ../figs/SBW3results/nearfield_nondimensional_SBW3_Case2_az0.pdf>
Package pdftex.def Info: ../figs/SBW3results/nearfield_nondimensional_SBW3_Case2_az0.pdf  used on input line 1352.
(pdftex.def)             Requested size: 191.12143pt x 125.19194pt.
File: ../figs/motivation/x59.jpg Graphic file (type jpg)
<use ../figs/motivation/x59.jpg>
Package pdftex.def Info: ../figs/motivation/x59.jpg  used on input line 1352.
(pdftex.def)             Requested size: 136.56456pt x 85.35826pt.
 [80

]
File: ../figs/SBW3results/nearfield_nondimensional_SBW3_Case2_az0.pdf Graphic file (type pdf)
<use ../figs/SBW3results/nearfield_nondimensional_SBW3_Case2_az0.pdf>
Package pdftex.def Info: ../figs/SBW3results/nearfield_nondimensional_SBW3_Case2_az0.pdf  used on input line 1352.
(pdftex.def)             Requested size: 191.12143pt x 125.19194pt.
File: ../figs/motivation/x59.jpg Graphic file (type jpg)
<use ../figs/motivation/x59.jpg>
Package pdftex.def Info: ../figs/motivation/x59.jpg  used on input line 1352.
(pdftex.def)             Requested size: 136.56456pt x 85.35826pt.
 [81

]
<../figs/SBW3results/sbw3_P1_128K_P_lines.png, id=2765, 2227.32124pt x 1980.39874pt>
File: ../figs/SBW3results/sbw3_P1_128K_P_lines.png Graphic file (type png)
<use ../figs/SBW3results/sbw3_P1_128K_P_lines.png>
Package pdftex.def Info: ../figs/SBW3results/sbw3_P1_128K_P_lines.png  used on input line 1379.
(pdftex.def)             Requested size: 185.87802pt x 165.02606pt.
<../figs/SBW3results/sbw3_P1_128K_P_field.png, id=2767, 2227.32124pt x 1980.39874pt>
File: ../figs/SBW3results/sbw3_P1_128K_P_field.png Graphic file (type png)
<use ../figs/SBW3results/sbw3_P1_128K_P_field.png>
Package pdftex.def Info: ../figs/SBW3results/sbw3_P1_128K_P_field.png  used on input line 1379.
(pdftex.def)             Requested size: 185.87802pt x 165.02606pt.
 [82

 <../figs/SBW3results/sbw3_P1_128K_P_lines.png (PNG copy)> <../figs/SBW3results/sbw3_P1_128K_P_field.png (PNG copy)>]
<../figs/SBW3results/SBW3_P1_8K_mesh_a40_zoomed.pdf, id=2804, 845.15756pt x 597.23125pt>
File: ../figs/SBW3results/SBW3_P1_8K_mesh_a40_zoomed.pdf Graphic file (type pdf)
<use ../figs/SBW3results/SBW3_P1_8K_mesh_a40_zoomed.pdf>
Package pdftex.def Info: ../figs/SBW3results/SBW3_P1_8K_mesh_a40_zoomed.pdf  used on input line 1416.
(pdftex.def)             Requested size: 241.5817pt x 170.71652pt.
<../figs/SBW3results/SBW3_P2_8K_mesh_a40_zoomed.pdf, id=2805, 845.15756pt x 597.23125pt>
File: ../figs/SBW3results/SBW3_P2_8K_mesh_a40_zoomed.pdf Graphic file (type pdf)
<use ../figs/SBW3results/SBW3_P2_8K_mesh_a40_zoomed.pdf>
Package pdftex.def Info: ../figs/SBW3results/SBW3_P2_8K_mesh_a40_zoomed.pdf  used on input line 1416.
(pdftex.def)             Requested size: 241.5817pt x 170.71652pt.
 [83

 <../figs/SBW3results/SBW3_P1_8K_mesh_a40_zoomed.pdf> <../figs/SBW3results/SBW3_P2_8K_mesh_a40_zoomed.pdf

pdfTeX warning: pdflatex (file ../figs/SBW3results/SBW3_P2_8K_mesh_a40_zoomed.pdf): PDF inclusion: multiple pdfs with page group included in a single page
>]
<../figs/SBW3results/playVideoSymbol.jpg, id=2890, 752.8125pt x 501.875pt>
File: ../figs/SBW3results/playVideoSymbol.jpg Graphic file (type jpg)
<use ../figs/SBW3results/playVideoSymbol.jpg>
Package pdftex.def Info: ../figs/SBW3results/playVideoSymbol.jpg  used on input line 1427.
(pdftex.def)             Requested size: 205.37926pt x 136.91713pt.
 [84

 <../figs/SBW3results/playVideoSymbol.jpg>]
<../figs/SBW3results/adjointAdaptToBSEL_P2_128K.png, id=2923, 2227.32124pt x 1980.39874pt>
File: ../figs/SBW3results/adjointAdaptToBSEL_P2_128K.png Graphic file (type png)
<use ../figs/SBW3results/adjointAdaptToBSEL_P2_128K.png>
Package pdftex.def Info: ../figs/SBW3results/adjointAdaptToBSEL_P2_128K.png  used on input line 1479.
(pdftex.def)             Requested size: 125.46632pt x 110.96556pt.
File: ../figs/SBW3results/SBW3_P1_8K_mesh_a40_zoomed.pdf Graphic file (type pdf)
<use ../figs/SBW3results/SBW3_P1_8K_mesh_a40_zoomed.pdf>
Package pdftex.def Info: ../figs/SBW3results/SBW3_P1_8K_mesh_a40_zoomed.pdf  used on input line 1479.
(pdftex.def)             Requested size: 157.0223pt x 110.96556pt.
<../figs/SBW3results/adjointAdaptToP2_P2_128K.png, id=2925, 2227.32124pt x 1980.39874pt>
File: ../figs/SBW3results/adjointAdaptToP2_P2_128K.png Graphic file (type png)
<use ../figs/SBW3results/adjointAdaptToP2_P2_128K.png>
Package pdftex.def Info: ../figs/SBW3results/adjointAdaptToP2_P2_128K.png  used on input line 1479.
(pdftex.def)             Requested size: 125.46632pt x 110.96556pt.
<../figs/SBW3results/SBW3_P1_8K_AdaptToP2_mesh_zoomed.pdf, id=2927, 845.15756pt x 597.23125pt>
File: ../figs/SBW3results/SBW3_P1_8K_AdaptToP2_mesh_zoomed.pdf Graphic file (type pdf)
<use ../figs/SBW3results/SBW3_P1_8K_AdaptToP2_mesh_zoomed.pdf>
Package pdftex.def Info: ../figs/SBW3results/SBW3_P1_8K_AdaptToP2_mesh_zoomed.pdf  used on input line 1479.
(pdftex.def)             Requested size: 157.0223pt x 110.96556pt.
 [85

 <../figs/SBW3results/SBW3_P1_8K_AdaptToP2_mesh_zoomed.pdf> <../figs/SBW3results/adjointAdaptToBSEL_P2_128K.png (PNG copy)> <../figs/SBW3results/adjointAdaptToP2_P2_128K.png (PNG copy)>]
File: ../figs/SBW3results/adjointAdaptToBSEL_P2_128K.png Graphic file (type png)
<use ../figs/SBW3results/adjointAdaptToBSEL_P2_128K.png>
Package pdftex.def Info: ../figs/SBW3results/adjointAdaptToBSEL_P2_128K.png  used on input line 1479.
(pdftex.def)             Requested size: 125.46632pt x 110.96556pt.
File: ../figs/SBW3results/SBW3_P1_8K_mesh_a40_zoomed.pdf Graphic file (type pdf)
<use ../figs/SBW3results/SBW3_P1_8K_mesh_a40_zoomed.pdf>
Package pdftex.def Info: ../figs/SBW3results/SBW3_P1_8K_mesh_a40_zoomed.pdf  used on input line 1479.
(pdftex.def)             Requested size: 157.0223pt x 110.96556pt.
File: ../figs/SBW3results/adjointAdaptToP2_P2_128K.png Graphic file (type png)
<use ../figs/SBW3results/adjointAdaptToP2_P2_128K.png>
Package pdftex.def Info: ../figs/SBW3results/adjointAdaptToP2_P2_128K.png  used on input line 1479.
(pdftex.def)             Requested size: 125.46632pt x 110.96556pt.
File: ../figs/SBW3results/SBW3_P1_8K_AdaptToP2_mesh_zoomed.pdf Graphic file (type pdf)
<use ../figs/SBW3results/SBW3_P1_8K_AdaptToP2_mesh_zoomed.pdf>
Package pdftex.def Info: ../figs/SBW3results/SBW3_P1_8K_AdaptToP2_mesh_zoomed.pdf  used on input line 1479.
(pdftex.def)             Requested size: 157.0223pt x 110.96556pt.
 [86

]
<../figs/SBW3results/ComparisonGround.pdf, id=3023, 434.94058pt x 298.8983pt>
File: ../figs/SBW3results/ComparisonGround.pdf Graphic file (type pdf)
<use ../figs/SBW3results/ComparisonGround.pdf>
Package pdftex.def Info: ../figs/SBW3results/ComparisonGround.pdf  used on input line 1551.
(pdftex.def)             Requested size: 178.03477pt x 122.34692pt.
<../figs/SBW3results/comparisonBSEL.pdf, id=3024, 438.74841pt x 298.8983pt>
File: ../figs/SBW3results/comparisonBSEL.pdf Graphic file (type pdf)
<use ../figs/SBW3results/comparisonBSEL.pdf>
Package pdftex.def Info: ../figs/SBW3results/comparisonBSEL.pdf  used on input line 1551.
(pdftex.def)             Requested size: 179.59343pt x 122.34692pt.
 [87

 <../figs/SBW3results/ComparisonGround.pdf> <../figs/SBW3results/comparisonBSEL.pdf>]
File: ../figs/SBW3results/ComparisonGround.pdf Graphic file (type pdf)
<use ../figs/SBW3results/ComparisonGround.pdf>
Package pdftex.def Info: ../figs/SBW3results/ComparisonGround.pdf  used on input line 1551.
(pdftex.def)             Requested size: 178.03477pt x 122.34692pt.
File: ../figs/SBW3results/comparisonBSEL.pdf Graphic file (type pdf)
<use ../figs/SBW3results/comparisonBSEL.pdf>
Package pdftex.def Info: ../figs/SBW3results/comparisonBSEL.pdf  used on input line 1551.
(pdftex.def)             Requested size: 179.59343pt x 122.34692pt.
 [88

]
<../figs/SBW3results/loudnessConvergenceForSeminarOnlyP1.pdf, id=3109, 424.43245pt x 297.34268pt>
File: ../figs/SBW3results/loudnessConvergenceForSeminarOnlyP1.pdf Graphic file (type pdf)
<use ../figs/SBW3results/loudnessConvergenceForSeminarOnlyP1.pdf>
Package pdftex.def Info: ../figs/SBW3results/loudnessConvergenceForSeminarOnlyP1.pdf  used on input line 1581.
(pdftex.def)             Requested size: 264.00027pt x 184.9429pt.
<../figs/SBW3results/loudnessConvergenceForSeminar.pdf, id=3110, 424.43245pt x 297.34268pt>
File: ../figs/SBW3results/loudnessConvergenceForSeminar.pdf Graphic file (type pdf)
<use ../figs/SBW3results/loudnessConvergenceForSeminar.pdf>
Package pdftex.def Info: ../figs/SBW3results/loudnessConvergenceForSeminar.pdf  used on input line 1581.
(pdftex.def)             Requested size: 264.00027pt x 184.9429pt.
 [89

 <../figs/SBW3results/loudnessConvergenceForSeminarOnlyP1.pdf> <../figs/SBW3results/loudnessConvergenceForSeminar.pdf>]
File: ../figs/SBW3results/loudnessConvergenceForSeminarOnlyP1.pdf Graphic file (type pdf)
<use ../figs/SBW3results/loudnessConvergenceForSeminarOnlyP1.pdf>
Package pdftex.def Info: ../figs/SBW3results/loudnessConvergenceForSeminarOnlyP1.pdf  used on input line 1581.
(pdftex.def)             Requested size: 264.00027pt x 184.9429pt.
File: ../figs/SBW3results/loudnessConvergenceForSeminar.pdf Graphic file (type pdf)
<use ../figs/SBW3results/loudnessConvergenceForSeminar.pdf>
Package pdftex.def Info: ../figs/SBW3results/loudnessConvergenceForSeminar.pdf  used on input line 1581.
(pdftex.def)             Requested size: 264.00027pt x 184.9429pt.
 [90

] [91

] [92

] [93

] [94

] [95

]

Package hyperref Warning: Token not allowed in a PDF string (Unicode):
(hyperref)                removing `\translate ' on input line 1655.

<../figs/backup/boomCarpet.png, id=3354, 1489.565pt x 513.92pt>
File: ../figs/backup/boomCarpet.png Graphic file (type png)
<use ../figs/backup/boomCarpet.png>
Package pdftex.def Info: ../figs/backup/boomCarpet.png  used on input line 1671.
(pdftex.def)             Requested size: 354.61633pt x 122.34692pt.
[96

 <../figs/backup/boomCarpet.png>]
<../figs/backup/nearfieldSeveralPhi.png, id=3389, 726.715pt x 428.60126pt>
File: ../figs/backup/nearfieldSeveralPhi.png Graphic file (type png)
<use ../figs/backup/nearfieldSeveralPhi.png>
Package pdftex.def Info: ../figs/backup/nearfieldSeveralPhi.png  used on input line 1688.
(pdftex.def)             Requested size: 168.8486pt x 99.58464pt.
<../figs/backup/loudnessCarpet.png, id=3390, 741.77126pt x 414.54875pt>
File: ../figs/backup/loudnessCarpet.png Graphic file (type png)
<use ../figs/backup/loudnessCarpet.png>
Package pdftex.def Info: ../figs/backup/loudnessCarpet.png  used on input line 1688.
(pdftex.def)             Requested size: 178.1872pt x 99.58464pt.
 [97

 <../figs/backup/nearfieldSeveralPhi.png> <../figs/backup/loudnessCarpet.png>]
<../figs/boom_modeling/atmosphereStandard.pdf, id=3426, 413.77051pt x 298.8983pt>
File: ../figs/boom_modeling/atmosphereStandard.pdf Graphic file (type pdf)
<use ../figs/boom_modeling/atmosphereStandard.pdf>
Package pdftex.def Info: ../figs/boom_modeling/atmosphereStandard.pdf  used on input line 1722.
(pdftex.def)             Requested size: 196.9408pt x 142.26378pt.
 [98

 <../figs/boom_modeling/atmosphereStandard.pdf>] [99

]
pdfTeX warning (ext4): destination with the same identifier (name{e:multiscale_weak_statement}) has been already used, duplicate ignored
<to be read again> 
                   \relax 
l.1774 \end{frame}
                   [100

] [101

]

LaTeX Font Warning: Command \small invalid in math mode on input line 1808.


pdfTeX warning (ext4): destination with the same identifier (name{e:s_grad}) has been already used, duplicate ignored
<to be read again> 
                   \relax 
l.1808   \end{frame}
                    
File: ../figs/shock_capturing/s_grad.pdf Graphic file (type pdf)
<use ../figs/shock_capturing/s_grad.pdf>
Package pdftex.def Info: ../figs/shock_capturing/s_grad.pdf  used on input line 1808.
(pdftex.def)             Requested size: 226.81012pt x 162.18062pt.
 [102

]
<../figs/shock_capturing/primal_traveling_wave_withAV_L2_UniRef.pdf, id=3603, 430.12085pt x 297.34268pt>
File: ../figs/shock_capturing/primal_traveling_wave_withAV_L2_UniRef.pdf Graphic file (type pdf)
<use ../figs/shock_capturing/primal_traveling_wave_withAV_L2_UniRef.pdf>
Package pdftex.def Info: ../figs/shock_capturing/primal_traveling_wave_withAV_L2_UniRef.pdf  used on input line 1837.
(pdftex.def)             Requested size: 205.79935pt x 142.26378pt.
 [103

 <../figs/shock_capturing/primal_traveling_wave_withAV_L2_UniRef.pdf>] [104

]
<../figs/SBW3results/loudnessSensistivity.pdf, id=3691, 448.01196pt x 302.20377pt>
File: ../figs/SBW3results/loudnessSensistivity.pdf Graphic file (type pdf)
<use ../figs/SBW3results/loudnessSensistivity.pdf>
Package pdftex.def Info: ../figs/SBW3results/loudnessSensistivity.pdf  used on input line 1897.
(pdftex.def)             Requested size: 274.18242pt x 184.9429pt.
 [105

 <../figs/SBW3results/loudnessSensistivity.pdf>]
\tf@nav=\write6
\openout6 = `presentationSeminar.nav'.

\tf@toc=\write7
\openout7 = `presentationSeminar.toc'.

\tf@snm=\write8
\openout8 = `presentationSeminar.snm'.

 (./presentationSeminar.aux)
 ***********
LaTeX2e <2023-11-01> patch level 1
L3 programming layer <2024-02-20>
 ***********


LaTeX Font Warning: Size substitutions with differences
(Font)              up to 4.5pt have occurred.


LaTeX Warning: There were multiply-defined labels.

Package rerunfilecheck Info: File `presentationSeminar.out' has not changed.
(rerunfilecheck)             Checksum: 5CC53CB418A4467A88C439B05B85BB45;1401.
 ) 
Here is how much of TeX's memory you used:
 27024 strings out of 474116
 551992 string characters out of 5743681
 1962187 words of memory out of 5000000
 48619 multiletter control sequences out of 15000+600000
 583873 words of font info for 119 fonts, out of 8000000 for 9000
 1141 hyphenation exceptions out of 8191
 128i,27n,123p,441b,1182s stack positions out of 10000i,1000n,20000p,200000b,200000s
</usr/local/texlive/2024/texmf-dist/fonts/type1/public/amsfonts/cm/cmex10.pfb></usr/local/texlive/2024/texmf-dist/fonts/type1/public/amsfonts/cmextra/cmex9.pfb></usr/local/texlive/2024/texmf-dist/fonts/type1/public/amsfonts/cm/cmmi10.pfb></usr/local/texlive/2024/texmf-dist/fonts/type1/public/amsfonts/cm/cmmi12.pfb></usr/local/texlive/2024/texmf-dist/fonts/type1/public/amsfonts/cm/cmmi6.pfb></usr/local/texlive/2024/texmf-dist/fonts/type1/public/amsfonts/cm/cmmi7.pfb></usr/local/texlive/2024/texmf-dist/fonts/type1/public/amsfonts/cm/cmmi8.pfb></usr/local/texlive/2024/texmf-dist/fonts/type1/public/amsfonts/cm/cmmi9.pfb></usr/local/texlive/2024/texmf-dist/fonts/type1/public/amsfonts/cm/cmmib10.pfb></usr/local/texlive/2024/texmf-dist/fonts/type1/public/amsfonts/cmextra/cmmib8.pfb></usr/local/texlive/2024/texmf-dist/fonts/type1/public/amsfonts/cm/cmr10.pfb></usr/local/texlive/2024/texmf-dist/fonts/type1/public/amsfonts/cm/cmr12.pfb></usr/local/texlive/2024/texmf-dist/fonts/type1/public/amsfonts/cm/cmr9.pfb></usr/local/texlive/2024/texmf-dist/fonts/type1/public/amsfonts/cm/cmss10.pfb></usr/local/texlive/2024/texmf-dist/fonts/type1/public/amsfonts/cm/cmss12.pfb></usr/local/texlive/2024/texmf-dist/fonts/type1/public/amsfonts/cm/cmss8.pfb></usr/local/texlive/2024/texmf-dist/fonts/type1/public/amsfonts/cm/cmss9.pfb></usr/local/texlive/2024/texmf-dist/fonts/type1/public/amsfonts/cm/cmssbx10.pfb></usr/local/texlive/2024/texmf-dist/fonts/type1/public/amsfonts/cm/cmssi10.pfb></usr/local/texlive/2024/texmf-dist/fonts/type1/public/amsfonts/cm/cmssi12.pfb></usr/local/texlive/2024/texmf-dist/fonts/type1/public/amsfonts/cm/cmssi8.pfb></usr/local/texlive/2024/texmf-dist/fonts/type1/public/amsfonts/cm/cmssi9.pfb></usr/local/texlive/2024/texmf-dist/fonts/type1/public/amsfonts/cm/cmsy10.pfb></usr/local/texlive/2024/texmf-dist/fonts/type1/public/amsfonts/cm/cmsy6.pfb></usr/local/texlive/2024/texmf-dist/fonts/type1/public/amsfonts/cm/cmsy7.pfb></usr/local/texlive/2024/texmf-dist/fonts/type1/public/amsfonts/cm/cmsy8.pfb></usr/local/texlive/2024/texmf-dist/fonts/type1/public/amsfonts/cm/cmsy9.pfb></usr/local/texlive/2024/texmf-dist/fonts/type1/public/amsfonts/symbols/msbm10.pfb></usr/local/texlive/2024/texmf-dist/fonts/type1/public/cm-super/sfso0800.pfb></usr/local/texlive/2024/texmf-dist/fonts/type1/public/cm-super/sfso1000.pfb>
Output written on presentationSeminar.pdf (105 pages, 11000943 bytes).
PDF statistics:
 3902 PDF objects out of 4296 (max. 8388607)
 3494 compressed objects within 35 object streams
 230 named destinations out of 1000 (max. 500000)
 374 words of extra memory for PDF output out of 10000 (max. 10000000)

